May 31 2023 18:39:10 -- [INFO ] -- hHL4Q9BNQlfm0BYx5BCDT45CnC04Ag -- ****** NUEVO PEDIDO ******
May 31 2023 18:39:10 -- [INFO ] -- hHL4Q9BNQlfm0BYx5BCDT45CnC04Ag -- WC_Redsys::process_payment -- Pago con Tarjeta redirección
May 31 2023 18:39:10 -- [INFO ] -- hHL4Q9BNQlfm0BYx5BCDT45CnC04Ag -- WC_Redsys::process_payment -- ID del usuario cargado: 
May 31 2023 18:39:10 -- [INFO ] -- hHL4Q9BNQlfm0BYx5BCDT45CnC04Ag -- WC_Redsys::process_payment -- El usuario que hace el pedido está logueado en la página
May 31 2023 18:39:36 -- [INFO ] -- hHL4Q9BNQlfm0BYx5BCDT45CnC04Ag -- ****** NUEVO PEDIDO ******
May 31 2023 18:39:36 -- [INFO ] -- hHL4Q9BNQlfm0BYx5BCDT45CnC04Ag -- WC_Redsys::process_payment -- Pago con Tarjeta redirección
May 31 2023 18:39:36 -- [INFO ] -- hHL4Q9BNQlfm0BYx5BCDT45CnC04Ag -- WC_Redsys::process_payment -- ID del usuario cargado: 
May 31 2023 18:39:36 -- [INFO ] -- hHL4Q9BNQlfm0BYx5BCDT45CnC04Ag -- WC_Redsys::process_payment -- El usuario que hace el pedido está logueado en la página
May 31 2023 18:40:39 -- [INFO ] -- hHL4Q9BNQlfm0BYx5BCDT45CnC04Ag -- ****** NUEVO PEDIDO ******
May 31 2023 18:40:39 -- [INFO ] -- hHL4Q9BNQlfm0BYx5BCDT45CnC04Ag -- WC_Redsys::process_payment -- Pago con Tarjeta redirección
May 31 2023 18:40:39 -- [INFO ] -- hHL4Q9BNQlfm0BYx5BCDT45CnC04Ag -- WC_Redsys::process_payment -- ID del usuario cargado: 
May 31 2023 18:40:39 -- [INFO ] -- hHL4Q9BNQlfm0BYx5BCDT45CnC04Ag -- WC_Redsys::process_payment -- El usuario que hace el pedido está logueado en la página
May 31 2023 18:43:15 -- [INFO ] -- hHL4Q9BNQlfm0BYx5BCDT45CnC04Ag -- ****** NUEVO PEDIDO ******
May 31 2023 18:43:15 -- [INFO ] -- hHL4Q9BNQlfm0BYx5BCDT45CnC04Ag -- WC_Redsys::process_payment -- Pago con Tarjeta redirección
May 31 2023 18:43:15 -- [INFO ] -- hHL4Q9BNQlfm0BYx5BCDT45CnC04Ag -- WC_Redsys::process_payment -- ID del usuario cargado: 
May 31 2023 18:43:15 -- [INFO ] -- hHL4Q9BNQlfm0BYx5BCDT45CnC04Ag -- WC_Redsys::process_payment -- El usuario que hace el pedido está logueado en la página
May 31 2023 18:47:41 -- [INFO ] -- hHL4Q9BNQlfm0BYx5BCDT45CnC04Ag -- ****** NUEVO PEDIDO ******
May 31 2023 18:47:41 -- [INFO ] -- hHL4Q9BNQlfm0BYx5BCDT45CnC04Ag -- WC_Redsys::process_payment -- Pago con Tarjeta redirección
May 31 2023 18:47:41 -- [INFO ] -- hHL4Q9BNQlfm0BYx5BCDT45CnC04Ag -- WC_Redsys::process_payment -- ID del usuario cargado: 
May 31 2023 18:47:41 -- [INFO ] -- hHL4Q9BNQlfm0BYx5BCDT45CnC04Ag -- WC_Redsys::process_payment -- El usuario que hace el pedido está logueado en la página
May 31 2023 18:50:45 -- [INFO ] -- hHL4Q9BNQlfm0BYx5BCDT45CnC04Ag -- ****** NUEVO PEDIDO ******
May 31 2023 18:50:45 -- [INFO ] -- hHL4Q9BNQlfm0BYx5BCDT45CnC04Ag -- WC_Redsys::process_payment -- Pago con Tarjeta redirección
May 31 2023 18:50:45 -- [INFO ] -- hHL4Q9BNQlfm0BYx5BCDT45CnC04Ag -- WC_Redsys::process_payment -- ID del usuario cargado: 
May 31 2023 18:50:45 -- [INFO ] -- hHL4Q9BNQlfm0BYx5BCDT45CnC04Ag -- WC_Redsys::process_payment -- El usuario que hace el pedido está logueado en la página
May 31 2023 18:59:58 -- [INFO ] -- vPlhsdqb7d3K0YADmVBBuFYPP0Yfuv -- ****** NUEVO PEDIDO ******
May 31 2023 18:59:58 -- [INFO ] -- vPlhsdqb7d3K0YADmVBBuFYPP0Yfuv -- WC_Redsys::process_payment -- Pago con Tarjeta redirección
May 31 2023 18:59:58 -- [INFO ] -- vPlhsdqb7d3K0YADmVBBuFYPP0Yfuv -- WC_Redsys::process_payment -- ID del usuario cargado: 
May 31 2023 18:59:58 -- [INFO ] -- vPlhsdqb7d3K0YADmVBBuFYPP0Yfuv -- WC_Redsys::process_payment -- El usuario que hace el pedido está logueado en la página
May 31 2023 19:24:10 -- [INFO ] -- OxqO8wpuCCfKP0V65aue9cE6u2qPeU -- ****** NUEVO PEDIDO ******
May 31 2023 19:24:10 -- [INFO ] -- OxqO8wpuCCfKP0V65aue9cE6u2qPeU -- WC_Redsys::process_payment -- Pago con Tarjeta redirección
May 31 2023 19:24:10 -- [INFO ] -- OxqO8wpuCCfKP0V65aue9cE6u2qPeU -- WC_Redsys::process_payment -- ID del usuario cargado: 
May 31 2023 19:24:10 -- [INFO ] -- OxqO8wpuCCfKP0V65aue9cE6u2qPeU -- WC_Redsys::process_payment -- El usuario que hace el pedido está logueado en la página
May 31 2023 19:24:10 -- [INFO ] -- OxqO8wpuCCfKP0V65aue9cE6u2qPeU -- WC_Redsys::get_redsys_object -- Numero de pedido enviado a Redsys ─ [Ds_Merchant_Order]: 000005532z50
May 31 2023 19:24:36 -- [INFO ] -- OxqO8wpuCCfKP0V65aue9cE6u2qPeU -- ****** NUEVO PEDIDO ******
May 31 2023 19:24:36 -- [INFO ] -- OxqO8wpuCCfKP0V65aue9cE6u2qPeU -- WC_Redsys::process_payment -- Pago con Tarjeta redirección
May 31 2023 19:24:36 -- [INFO ] -- OxqO8wpuCCfKP0V65aue9cE6u2qPeU -- WC_Redsys::process_payment -- ID del usuario cargado: 
May 31 2023 19:24:36 -- [INFO ] -- OxqO8wpuCCfKP0V65aue9cE6u2qPeU -- WC_Redsys::process_payment -- El usuario que hace el pedido está logueado en la página
May 31 2023 19:24:37 -- [INFO ] -- OxqO8wpuCCfKP0V65aue9cE6u2qPeU -- WC_Redsys::get_redsys_object -- Numero de pedido enviado a Redsys ─ [Ds_Merchant_Order]: 000005532z77
May 31 2023 19:25:33 -- [INFO ] -- OxqO8wpuCCfKP0V65aue9cE6u2qPeU -- ***** VALIDACIÓN DE LA NOTIFICACIÓN  ──  PEDIDO 000005532z77 *****
May 31 2023 19:25:33 -- [INFO ] -- OxqO8wpuCCfKP0V65aue9cE6u2qPeU -- WC_Redsys::check_rds_response -- 0000 - Operación finalizada correctamente.
May 31 2023 19:25:33 -- [INFO ] -- OxqO8wpuCCfKP0V65aue9cE6u2qPeU -- El pedido con ID de carrito 5532 (000005532z77) ya está marcado con un estado final, por lo que no se ha modificado su estado.
May 31 2023 19:27:13 -- [INFO ] -- OxqO8wpuCCfKP0V65aue9cE6u2qPeU -- ****** NUEVO PEDIDO ******
May 31 2023 19:27:13 -- [INFO ] -- OxqO8wpuCCfKP0V65aue9cE6u2qPeU -- ****** 00005532z233 ******
May 31 2023 19:27:13 -- [INFO ] -- OxqO8wpuCCfKP0V65aue9cE6u2qPeU -- WC_Redsys_Insite::receipt_page -- Pago con Tarjeta inSite
May 31 2023 19:27:13 -- [INFO ] -- OxqO8wpuCCfKP0V65aue9cE6u2qPeU -- WC_Redsys_Insite::receipt_page -- ID del usuario cargado: 1
May 31 2023 19:27:13 -- [INFO ] -- OxqO8wpuCCfKP0V65aue9cE6u2qPeU -- WC_Redsys_Insite::receipt_page -- El usuario que hace el pedido está logueado en la página
May 31 2023 19:30:49 -- [INFO ] -- OxqO8wpuCCfKP0V65aue9cE6u2qPeU -- ****** NUEVO PEDIDO ******
May 31 2023 19:30:49 -- [INFO ] -- OxqO8wpuCCfKP0V65aue9cE6u2qPeU -- WC_Redsys::process_payment -- Pago con Tarjeta redirección
May 31 2023 19:30:49 -- [INFO ] -- OxqO8wpuCCfKP0V65aue9cE6u2qPeU -- WC_Redsys::process_payment -- ID del usuario cargado: 
May 31 2023 19:30:49 -- [INFO ] -- OxqO8wpuCCfKP0V65aue9cE6u2qPeU -- WC_Redsys::process_payment -- El usuario que hace el pedido está logueado en la página
May 31 2023 19:30:50 -- [INFO ] -- OxqO8wpuCCfKP0V65aue9cE6u2qPeU -- WC_Redsys::get_redsys_object -- Numero de pedido enviado a Redsys ─ [Ds_Merchant_Order]: 00005532z450
Jun 07 2023 17:14:14 -- [INFO ] -- gdtlZmJyON2afo3g0wfgoIcZhQt1iT -- ****** NUEVO PEDIDO ******
Jun 07 2023 17:14:14 -- [INFO ] -- gdtlZmJyON2afo3g0wfgoIcZhQt1iT -- WC_Redsys::process_payment -- Pago con Tarjeta redirección
Jun 07 2023 17:14:14 -- [INFO ] -- gdtlZmJyON2afo3g0wfgoIcZhQt1iT -- WC_Redsys::process_payment -- ID del usuario cargado: 
Jun 07 2023 17:14:14 -- [INFO ] -- gdtlZmJyON2afo3g0wfgoIcZhQt1iT -- WC_Redsys::process_payment -- El usuario que hace el pedido está logueado en la página
Jun 07 2023 17:14:15 -- [INFO ] -- gdtlZmJyON2afo3g0wfgoIcZhQt1iT -- WC_Redsys::get_redsys_object -- Numero de pedido enviado a Redsys ─ [Ds_Merchant_Order]: 000005593z55
Jun 07 2023 17:51:33 -- [INFO ] -- N0ZoCcWzXfkW2LW6U3DEuOxyFlnt5R -- ****** NUEVO PEDIDO ******
Jun 07 2023 17:51:33 -- [INFO ] -- N0ZoCcWzXfkW2LW6U3DEuOxyFlnt5R -- WC_Redsys::process_payment -- Pago con Tarjeta redirección
Jun 07 2023 17:51:33 -- [INFO ] -- N0ZoCcWzXfkW2LW6U3DEuOxyFlnt5R -- WC_Redsys::process_payment -- ID del usuario cargado: 
Jun 07 2023 17:51:33 -- [INFO ] -- N0ZoCcWzXfkW2LW6U3DEuOxyFlnt5R -- WC_Redsys::process_payment -- El usuario que hace el pedido está logueado en la página
Jun 07 2023 17:51:34 -- [INFO ] -- N0ZoCcWzXfkW2LW6U3DEuOxyFlnt5R -- WC_Redsys::get_redsys_object -- Numero de pedido enviado a Redsys ─ [Ds_Merchant_Order]: 00005601z294
Jun 07 2023 17:54:56 -- [INFO ] -- lRyoCVl7ABREMzhUlQ2dmn1LDLfFrQ -- ****** NUEVO PEDIDO ******
Jun 07 2023 17:54:56 -- [INFO ] -- lRyoCVl7ABREMzhUlQ2dmn1LDLfFrQ -- WC_Redsys::process_payment -- Pago con Tarjeta redirección
Jun 07 2023 17:54:56 -- [INFO ] -- lRyoCVl7ABREMzhUlQ2dmn1LDLfFrQ -- WC_Redsys::process_payment -- ID del usuario cargado: 
Jun 07 2023 17:54:56 -- [INFO ] -- lRyoCVl7ABREMzhUlQ2dmn1LDLfFrQ -- WC_Redsys::process_payment -- El usuario que hace el pedido está logueado en la página
Jun 07 2023 17:54:56 -- [INFO ] -- lRyoCVl7ABREMzhUlQ2dmn1LDLfFrQ -- WC_Redsys::get_redsys_object -- Numero de pedido enviado a Redsys ─ [Ds_Merchant_Order]: 00005605z496
Jun 07 2023 18:02:44 -- [INFO ] -- xH8eKD6L5loYCCLXRAU98ocWvrx9co -- ****** NUEVO PEDIDO ******
Jun 07 2023 18:02:44 -- [INFO ] -- xH8eKD6L5loYCCLXRAU98ocWvrx9co -- WC_Redsys::process_payment -- Pago con Tarjeta redirección
Jun 07 2023 18:02:44 -- [INFO ] -- xH8eKD6L5loYCCLXRAU98ocWvrx9co -- WC_Redsys::process_payment -- ID del usuario cargado: 
Jun 07 2023 18:02:44 -- [INFO ] -- xH8eKD6L5loYCCLXRAU98ocWvrx9co -- WC_Redsys::process_payment -- El usuario que hace el pedido está logueado en la página
Jun 07 2023 18:02:45 -- [INFO ] -- xH8eKD6L5loYCCLXRAU98ocWvrx9co -- WC_Redsys::get_redsys_object -- Numero de pedido enviado a Redsys ─ [Ds_Merchant_Order]: 00005612z965
Jun 08 2023 10:14:28 -- [INFO ] -- v8IxIoFNIuVV6ybkpFV6fMVpMTI2XT -- ****** NUEVO PEDIDO ******
Jun 08 2023 10:14:28 -- [INFO ] -- v8IxIoFNIuVV6ybkpFV6fMVpMTI2XT -- WC_Redsys::process_payment -- Pago con Tarjeta redirección
Jun 08 2023 10:14:28 -- [INFO ] -- v8IxIoFNIuVV6ybkpFV6fMVpMTI2XT -- WC_Redsys::process_payment -- ID del usuario cargado: 
Jun 08 2023 10:14:28 -- [INFO ] -- v8IxIoFNIuVV6ybkpFV6fMVpMTI2XT -- WC_Redsys::process_payment -- El usuario que hace el pedido está logueado en la página
Jun 08 2023 10:14:29 -- [INFO ] -- v8IxIoFNIuVV6ybkpFV6fMVpMTI2XT -- WC_Redsys::get_redsys_object -- Numero de pedido enviado a Redsys ─ [Ds_Merchant_Order]: 00005648z269
Jun 08 2023 10:15:07 -- [INFO ] -- v8IxIoFNIuVV6ybkpFV6fMVpMTI2XT -- ****** NUEVO PEDIDO ******
Jun 08 2023 10:15:07 -- [INFO ] -- v8IxIoFNIuVV6ybkpFV6fMVpMTI2XT -- WC_Redsys::process_payment -- Pago con Tarjeta redirección
Jun 08 2023 10:15:07 -- [INFO ] -- v8IxIoFNIuVV6ybkpFV6fMVpMTI2XT -- WC_Redsys::process_payment -- ID del usuario cargado: 
Jun 08 2023 10:15:07 -- [INFO ] -- v8IxIoFNIuVV6ybkpFV6fMVpMTI2XT -- WC_Redsys::process_payment -- El usuario que hace el pedido está logueado en la página
Jun 08 2023 10:15:08 -- [INFO ] -- v8IxIoFNIuVV6ybkpFV6fMVpMTI2XT -- WC_Redsys::get_redsys_object -- Numero de pedido enviado a Redsys ─ [Ds_Merchant_Order]: 00005648z308
Jun 08 2023 12:28:33 -- [INFO ] -- S0Nrkuo7bbrqiI67rWQUuDeTItQIq5 -- ****** NUEVO PEDIDO ******
Jun 08 2023 12:28:33 -- [INFO ] -- S0Nrkuo7bbrqiI67rWQUuDeTItQIq5 -- WC_Redsys::process_payment -- Pago con Tarjeta redirección
Jun 08 2023 12:28:33 -- [INFO ] -- S0Nrkuo7bbrqiI67rWQUuDeTItQIq5 -- WC_Redsys::process_payment -- ID del usuario cargado: 
Jun 08 2023 12:28:33 -- [INFO ] -- S0Nrkuo7bbrqiI67rWQUuDeTItQIq5 -- WC_Redsys::process_payment -- El usuario que hace el pedido no está logueado en la página
Jun 08 2023 12:28:34 -- [INFO ] -- S0Nrkuo7bbrqiI67rWQUuDeTItQIq5 -- WC_Redsys::get_redsys_object -- Numero de pedido enviado a Redsys ─ [Ds_Merchant_Order]: 00005666z314
Jun 08 2023 20:06:50 -- [INFO ] -- DcOdfV82FRCoBmuKcl1UJDeFFElOte -- ****** NUEVO PEDIDO ******
Jun 08 2023 20:06:50 -- [INFO ] -- DcOdfV82FRCoBmuKcl1UJDeFFElOte -- WC_Redsys::process_payment -- Pago con Tarjeta redirección
Jun 08 2023 20:06:50 -- [INFO ] -- DcOdfV82FRCoBmuKcl1UJDeFFElOte -- WC_Redsys::process_payment -- ID del usuario cargado: 
Jun 08 2023 20:06:50 -- [INFO ] -- DcOdfV82FRCoBmuKcl1UJDeFFElOte -- WC_Redsys::process_payment -- El usuario que hace el pedido está logueado en la página
Jun 08 2023 20:06:51 -- [INFO ] -- DcOdfV82FRCoBmuKcl1UJDeFFElOte -- WC_Redsys::get_redsys_object -- Numero de pedido enviado a Redsys ─ [Ds_Merchant_Order]: 00005673z811
Jun 09 2023 7:28:30 -- [INFO ] -- rxjkz2qj20PaUvcjX9lKNJTxAp5ZdD -- ****** NUEVO PEDIDO ******
Jun 09 2023 7:28:30 -- [INFO ] -- rxjkz2qj20PaUvcjX9lKNJTxAp5ZdD -- WC_Redsys::process_payment -- Pago con Tarjeta redirección
Jun 09 2023 7:28:30 -- [INFO ] -- rxjkz2qj20PaUvcjX9lKNJTxAp5ZdD -- WC_Redsys::process_payment -- ID del usuario cargado: 
Jun 09 2023 7:28:30 -- [INFO ] -- rxjkz2qj20PaUvcjX9lKNJTxAp5ZdD -- WC_Redsys::process_payment -- El usuario que hace el pedido no está logueado en la página
Jun 09 2023 7:28:31 -- [INFO ] -- rxjkz2qj20PaUvcjX9lKNJTxAp5ZdD -- WC_Redsys::get_redsys_object -- Numero de pedido enviado a Redsys ─ [Ds_Merchant_Order]: 00005682z711
Jun 09 2023 7:33:33 -- [INFO ] -- 1avvlHXhIw5lfLynl0Yp4SXHgdsdfK -- ****** NUEVO PEDIDO ******
Jun 09 2023 7:33:33 -- [INFO ] -- 1avvlHXhIw5lfLynl0Yp4SXHgdsdfK -- WC_Redsys::process_payment -- Pago con Tarjeta redirección
Jun 09 2023 7:33:33 -- [INFO ] -- 1avvlHXhIw5lfLynl0Yp4SXHgdsdfK -- WC_Redsys::process_payment -- ID del usuario cargado: 
Jun 09 2023 7:33:33 -- [INFO ] -- 1avvlHXhIw5lfLynl0Yp4SXHgdsdfK -- WC_Redsys::process_payment -- El usuario que hace el pedido no está logueado en la página
Jun 09 2023 7:33:34 -- [INFO ] -- 1avvlHXhIw5lfLynl0Yp4SXHgdsdfK -- WC_Redsys::get_redsys_object -- Numero de pedido enviado a Redsys ─ [Ds_Merchant_Order]: 000005683z14
Jun 09 2023 7:34:28 -- [INFO ] -- 1avvlHXhIw5lfLynl0Yp4SXHgdsdfK -- ***** VALIDACIÓN DE LA NOTIFICACIÓN  ──  PEDIDO 000005683z14 *****
Jun 09 2023 7:34:28 -- [INFO ] -- 1avvlHXhIw5lfLynl0Yp4SXHgdsdfK -- WC_Redsys::check_rds_response -- 0000 - Operación finalizada correctamente.
Jun 09 2023 7:34:28 -- [INFO ] -- 1avvlHXhIw5lfLynl0Yp4SXHgdsdfK -- El pedido con ID de carrito 5683 (000005683z14) ya está marcado con un estado final, por lo que no se ha modificado su estado.
Jun 09 2023 11:54:20 -- [INFO ] -- a4X1doZtgnflSUmWHJzOcK6hPMj6Ov -- WC_Redsys::get_redsys_object -- Numero de pedido enviado a Redsys ─ [Ds_Merchant_Order]: 00000000z660
Jun 09 2023 11:54:21 -- [INFO ] -- a4X1doZtgnflSUmWHJzOcK6hPMj6Ov -- WC_Redsys::get_redsys_object -- Numero de pedido enviado a Redsys ─ [Ds_Merchant_Order]: 00000000z661
Jun 09 2023 11:54:24 -- [INFO ] -- 9DPPFoT5aPHq9IcTz5ipzgRMnWwLTm -- ****** NUEVO PEDIDO ******
Jun 09 2023 11:54:24 -- [INFO ] -- 9DPPFoT5aPHq9IcTz5ipzgRMnWwLTm -- WC_Redsys::process_payment -- Pago con Tarjeta redirección
Jun 09 2023 11:54:24 -- [INFO ] -- 9DPPFoT5aPHq9IcTz5ipzgRMnWwLTm -- WC_Redsys::process_payment -- ID del usuario cargado: 
Jun 09 2023 11:54:24 -- [INFO ] -- 9DPPFoT5aPHq9IcTz5ipzgRMnWwLTm -- WC_Redsys::process_payment -- El usuario que hace el pedido está logueado en la página
Jun 11 2023 15:11:41 -- [INFO ] -- 8Fh6Bla5lCA8btW0wYqC71FTaNcVDp -- WC_Redsys::get_redsys_object -- Numero de pedido enviado a Redsys ─ [Ds_Merchant_Order]: 00005747z301
Jun 11 2023 15:11:42 -- [INFO ] -- 8Fh6Bla5lCA8btW0wYqC71FTaNcVDp -- WC_Redsys::get_redsys_object -- Numero de pedido enviado a Redsys ─ [Ds_Merchant_Order]: 00005747z302
Jun 11 2023 15:11:46 -- [INFO ] -- 44acc6Udp8dxzrPotTZf8fOGF8nfzb -- ****** NUEVO PEDIDO ******
Jun 11 2023 15:11:46 -- [INFO ] -- 44acc6Udp8dxzrPotTZf8fOGF8nfzb -- WC_Redsys::process_payment -- Pago con Tarjeta redirección
Jun 11 2023 15:11:46 -- [INFO ] -- 44acc6Udp8dxzrPotTZf8fOGF8nfzb -- WC_Redsys::process_payment -- ID del usuario cargado: 
Jun 11 2023 15:11:46 -- [INFO ] -- 44acc6Udp8dxzrPotTZf8fOGF8nfzb -- WC_Redsys::process_payment -- El usuario que hace el pedido está logueado en la página
Jun 11 2023 15:11:55 -- [INFO ] -- 44acc6Udp8dxzrPotTZf8fOGF8nfzb -- WC_Redsys::get_redsys_object -- Numero de pedido enviado a Redsys ─ [Ds_Merchant_Order]: 00005792z315
Jun 11 2023 15:11:56 -- [INFO ] -- 44acc6Udp8dxzrPotTZf8fOGF8nfzb -- WC_Redsys::get_redsys_object -- Numero de pedido enviado a Redsys ─ [Ds_Merchant_Order]: 00005792z316
Jun 11 2023 15:12:02 -- [INFO ] -- 44acc6Udp8dxzrPotTZf8fOGF8nfzb -- ****** NUEVO PEDIDO ******
Jun 11 2023 15:12:02 -- [INFO ] -- 44acc6Udp8dxzrPotTZf8fOGF8nfzb -- WC_Redsys::process_payment -- Pago con Tarjeta redirección
Jun 11 2023 15:12:02 -- [INFO ] -- 44acc6Udp8dxzrPotTZf8fOGF8nfzb -- WC_Redsys::process_payment -- ID del usuario cargado: 
Jun 11 2023 15:12:02 -- [INFO ] -- 44acc6Udp8dxzrPotTZf8fOGF8nfzb -- WC_Redsys::process_payment -- El usuario que hace el pedido está logueado en la página
Jun 11 2023 15:12:59 -- [INFO ] -- 44acc6Udp8dxzrPotTZf8fOGF8nfzb -- ***** VALIDACIÓN DE LA NOTIFICACIÓN  ──  PEDIDO 00005792z316 *****
Jun 11 2023 15:12:59 -- [INFO ] -- 44acc6Udp8dxzrPotTZf8fOGF8nfzb -- WC_Redsys::check_rds_response -- 0000 - Operación finalizada correctamente.
Jun 11 2023 15:13:00 -- [INFO ] -- 44acc6Udp8dxzrPotTZf8fOGF8nfzb -- WC_Redsys::check_rds_response -- El pedido con ID de carrito 5792 (00005792z316) es válido y se ha registrado correctamente.
Jun 11 2023 15:17:38 -- [INFO ] -- lBqmTR6fhU57irYAyoYD6o5dIsJ4m1 -- WC_Redsys::get_redsys_object -- Numero de pedido enviado a Redsys ─ [Ds_Merchant_Order]: 00005793z658
Jun 11 2023 15:17:39 -- [INFO ] -- lBqmTR6fhU57irYAyoYD6o5dIsJ4m1 -- WC_Redsys::get_redsys_object -- Numero de pedido enviado a Redsys ─ [Ds_Merchant_Order]: 00005793z659
Jun 11 2023 15:17:53 -- [INFO ] -- lBqmTR6fhU57irYAyoYD6o5dIsJ4m1 -- ****** NUEVO PEDIDO ******
Jun 11 2023 15:17:53 -- [INFO ] -- lBqmTR6fhU57irYAyoYD6o5dIsJ4m1 -- WC_Redsys::process_payment -- Pago con Tarjeta redirección
Jun 11 2023 15:17:53 -- [INFO ] -- lBqmTR6fhU57irYAyoYD6o5dIsJ4m1 -- WC_Redsys::process_payment -- ID del usuario cargado: 
Jun 11 2023 15:17:53 -- [INFO ] -- lBqmTR6fhU57irYAyoYD6o5dIsJ4m1 -- WC_Redsys::process_payment -- El usuario que hace el pedido está logueado en la página
Jun 11 2023 15:19:24 -- [INFO ] -- lBqmTR6fhU57irYAyoYD6o5dIsJ4m1 -- WC_Redsys::get_redsys_object -- Numero de pedido enviado a Redsys ─ [Ds_Merchant_Order]: 00005793z764
Jun 11 2023 15:19:25 -- [INFO ] -- lBqmTR6fhU57irYAyoYD6o5dIsJ4m1 -- WC_Redsys::get_redsys_object -- Numero de pedido enviado a Redsys ─ [Ds_Merchant_Order]: 00005793z765
Jun 11 2023 15:24:55 -- [INFO ] -- lBqmTR6fhU57irYAyoYD6o5dIsJ4m1 -- ****** NUEVO PEDIDO ******
Jun 11 2023 15:24:55 -- [INFO ] -- lBqmTR6fhU57irYAyoYD6o5dIsJ4m1 -- WC_Redsys::process_payment -- Pago con Tarjeta redirección
Jun 11 2023 15:24:55 -- [INFO ] -- lBqmTR6fhU57irYAyoYD6o5dIsJ4m1 -- WC_Redsys::process_payment -- ID del usuario cargado: 
Jun 11 2023 15:24:55 -- [INFO ] -- lBqmTR6fhU57irYAyoYD6o5dIsJ4m1 -- WC_Redsys::process_payment -- El usuario que hace el pedido está logueado en la página
Jun 11 2023 15:26:26 -- [INFO ] -- Ykas5aOmTJbYR0ZlvgODboSIKz9j6q -- WC_Redsys::get_redsys_object -- Numero de pedido enviado a Redsys ─ [Ds_Merchant_Order]: 00005794z186
Jun 11 2023 15:26:27 -- [INFO ] -- Ykas5aOmTJbYR0ZlvgODboSIKz9j6q -- WC_Redsys::get_redsys_object -- Numero de pedido enviado a Redsys ─ [Ds_Merchant_Order]: 00005794z187
Jun 11 2023 15:26:47 -- [INFO ] -- Ykas5aOmTJbYR0ZlvgODboSIKz9j6q -- WC_Redsys::get_redsys_object -- Numero de pedido enviado a Redsys ─ [Ds_Merchant_Order]: 00005794z207
Jun 11 2023 15:26:57 -- [INFO ] -- Ykas5aOmTJbYR0ZlvgODboSIKz9j6q -- ****** NUEVO PEDIDO ******
Jun 11 2023 15:26:57 -- [INFO ] -- Ykas5aOmTJbYR0ZlvgODboSIKz9j6q -- WC_Redsys::process_payment -- Pago con Tarjeta redirección
Jun 11 2023 15:26:57 -- [INFO ] -- Ykas5aOmTJbYR0ZlvgODboSIKz9j6q -- WC_Redsys::process_payment -- ID del usuario cargado: 
Jun 11 2023 15:26:57 -- [INFO ] -- Ykas5aOmTJbYR0ZlvgODboSIKz9j6q -- WC_Redsys::process_payment -- El usuario que hace el pedido no está logueado en la página
Jun 11 2023 15:27:08 -- [INFO ] -- Ykas5aOmTJbYR0ZlvgODboSIKz9j6q -- ***** VALIDACIÓN DE LA NOTIFICACIÓN  ──  PEDIDO 00005794z207 *****
Jun 11 2023 15:27:08 -- [INFO ] -- Ykas5aOmTJbYR0ZlvgODboSIKz9j6q -- WC_Redsys::check_rds_response -- 0000 - Operación finalizada correctamente.
Jun 11 2023 15:27:08 -- [INFO ] -- Ykas5aOmTJbYR0ZlvgODboSIKz9j6q -- WC_Redsys::check_rds_response -- El pedido con ID de carrito 5794 (00005794z207) es válido y se ha registrado correctamente.
Jun 11 2023 15:32:41 -- [INFO ] -- lBqmTR6fhU57irYAyoYD6o5dIsJ4m1 -- WC_Redsys::get_redsys_object -- Numero de pedido enviado a Redsys ─ [Ds_Merchant_Order]: 00005793z561
Jun 11 2023 15:32:42 -- [INFO ] -- lBqmTR6fhU57irYAyoYD6o5dIsJ4m1 -- WC_Redsys::get_redsys_object -- Numero de pedido enviado a Redsys ─ [Ds_Merchant_Order]: 00005793z562
Jun 11 2023 15:33:10 -- [INFO ] -- lBqmTR6fhU57irYAyoYD6o5dIsJ4m1 -- WC_Redsys::get_redsys_object -- Numero de pedido enviado a Redsys ─ [Ds_Merchant_Order]: 00005793z590
Jun 11 2023 15:33:11 -- [INFO ] -- lBqmTR6fhU57irYAyoYD6o5dIsJ4m1 -- WC_Redsys::get_redsys_object -- Numero de pedido enviado a Redsys ─ [Ds_Merchant_Order]: 00005793z591
Jun 11 2023 16:52:04 -- [INFO ] -- lBqmTR6fhU57irYAyoYD6o5dIsJ4m1 -- WC_Redsys::get_redsys_object -- Numero de pedido enviado a Redsys ─ [Ds_Merchant_Order]: 00005793z324
Jun 11 2023 16:52:05 -- [INFO ] -- lBqmTR6fhU57irYAyoYD6o5dIsJ4m1 -- WC_Redsys::get_redsys_object -- Numero de pedido enviado a Redsys ─ [Ds_Merchant_Order]: 00005793z325
Jun 11 2023 16:52:17 -- [INFO ] -- lBqmTR6fhU57irYAyoYD6o5dIsJ4m1 -- WC_Redsys::get_redsys_object -- Numero de pedido enviado a Redsys ─ [Ds_Merchant_Order]: 00005793z337
Jun 11 2023 16:52:18 -- [INFO ] -- lBqmTR6fhU57irYAyoYD6o5dIsJ4m1 -- WC_Redsys::get_redsys_object -- Numero de pedido enviado a Redsys ─ [Ds_Merchant_Order]: 00005793z338
Jun 11 2023 16:58:21 -- [INFO ] -- lBqmTR6fhU57irYAyoYD6o5dIsJ4m1 -- WC_Redsys::get_redsys_object -- Numero de pedido enviado a Redsys ─ [Ds_Merchant_Order]: 00005793z701
Jun 11 2023 16:58:22 -- [INFO ] -- lBqmTR6fhU57irYAyoYD6o5dIsJ4m1 -- WC_Redsys::get_redsys_object -- Numero de pedido enviado a Redsys ─ [Ds_Merchant_Order]: 00005793z702
Jun 11 2023 17:08:58 -- [INFO ] -- a4X1doZtgnflSUmWHJzOcK6hPMj6Ov -- WC_Redsys::get_redsys_object -- Numero de pedido enviado a Redsys ─ [Ds_Merchant_Order]: 00000000z338
Jun 11 2023 17:08:59 -- [INFO ] -- a4X1doZtgnflSUmWHJzOcK6hPMj6Ov -- WC_Redsys::get_redsys_object -- Numero de pedido enviado a Redsys ─ [Ds_Merchant_Order]: 00000000z339
