2023-06-08T10:14:28+00:00 INFO v8IxIoFNIuVV6ybkpFV6fMVpMTI2XT -- ****** NUEVO PEDIDO ******
2023-06-08T10:14:28+00:00 INFO v8IxIoFNIuVV6ybkpFV6fMVpMTI2XT -- WC_Redsys::process_payment -- Pago con Tarjeta redirección
2023-06-08T10:14:28+00:00 INFO v8IxIoFNIuVV6ybkpFV6fMVpMTI2XT -- WC_Redsys::process_payment -- ID del usuario cargado: 
2023-06-08T10:14:28+00:00 INFO v8IxIoFNIuVV6ybkpFV6fMVpMTI2XT -- WC_Redsys::process_payment -- El usuario que hace el pedido está logueado en la página
2023-06-08T10:14:29+00:00 INFO v8IxIoFNIuVV6ybkpFV6fMVpMTI2XT -- WC_Redsys::get_redsys_object -- Numero de pedido enviado a Redsys ─ [Ds_Merchant_Order]: 00005648z269
2023-06-08T10:15:07+00:00 INFO v8IxIoFNIuVV6ybkpFV6fMVpMTI2XT -- ****** NUEVO PEDIDO ******
2023-06-08T10:15:07+00:00 INFO v8IxIoFNIuVV6ybkpFV6fMVpMTI2XT -- WC_Redsys::process_payment -- Pago con Tarjeta redirección
2023-06-08T10:15:07+00:00 INFO v8IxIoFNIuVV6ybkpFV6fMVpMTI2XT -- WC_Redsys::process_payment -- ID del usuario cargado: 
2023-06-08T10:15:07+00:00 INFO v8IxIoFNIuVV6ybkpFV6fMVpMTI2XT -- WC_Redsys::process_payment -- El usuario que hace el pedido está logueado en la página
2023-06-08T10:15:08+00:00 INFO v8IxIoFNIuVV6ybkpFV6fMVpMTI2XT -- WC_Redsys::get_redsys_object -- Numero de pedido enviado a Redsys ─ [Ds_Merchant_Order]: 00005648z308
2023-06-08T12:28:33+00:00 INFO S0Nrkuo7bbrqiI67rWQUuDeTItQIq5 -- ****** NUEVO PEDIDO ******
2023-06-08T12:28:33+00:00 INFO S0Nrkuo7bbrqiI67rWQUuDeTItQIq5 -- WC_Redsys::process_payment -- Pago con Tarjeta redirección
2023-06-08T12:28:33+00:00 INFO S0Nrkuo7bbrqiI67rWQUuDeTItQIq5 -- WC_Redsys::process_payment -- ID del usuario cargado: 
2023-06-08T12:28:33+00:00 INFO S0Nrkuo7bbrqiI67rWQUuDeTItQIq5 -- WC_Redsys::process_payment -- El usuario que hace el pedido no está logueado en la página
2023-06-08T12:28:34+00:00 INFO S0Nrkuo7bbrqiI67rWQUuDeTItQIq5 -- WC_Redsys::get_redsys_object -- Numero de pedido enviado a Redsys ─ [Ds_Merchant_Order]: 00005666z314
2023-06-08T20:06:50+00:00 INFO DcOdfV82FRCoBmuKcl1UJDeFFElOte -- ****** NUEVO PEDIDO ******
2023-06-08T20:06:50+00:00 INFO DcOdfV82FRCoBmuKcl1UJDeFFElOte -- WC_Redsys::process_payment -- Pago con Tarjeta redirección
2023-06-08T20:06:50+00:00 INFO DcOdfV82FRCoBmuKcl1UJDeFFElOte -- WC_Redsys::process_payment -- ID del usuario cargado: 
2023-06-08T20:06:50+00:00 INFO DcOdfV82FRCoBmuKcl1UJDeFFElOte -- WC_Redsys::process_payment -- El usuario que hace el pedido está logueado en la página
2023-06-08T20:06:51+00:00 INFO DcOdfV82FRCoBmuKcl1UJDeFFElOte -- WC_Redsys::get_redsys_object -- Numero de pedido enviado a Redsys ─ [Ds_Merchant_Order]: 00005673z811
