May 31 2023 18:39:10 -- [INFO ] -- hHL4Q9BNQlfm0BYx5BCDT45CnC04Ag -- ****** NUEVO PEDIDO ******
May 31 2023 18:39:10 -- [INFO ] -- hHL4Q9BNQlfm0BYx5BCDT45CnC04Ag -- WC_Redsys::process_payment -- Pago con Tarjeta redirección
May 31 2023 18:39:10 -- [INFO ] -- hHL4Q9BNQlfm0BYx5BCDT45CnC04Ag -- WC_Redsys::process_payment -- ID del usuario cargado: 
May 31 2023 18:39:10 -- [INFO ] -- hHL4Q9BNQlfm0BYx5BCDT45CnC04Ag -- WC_Redsys::process_payment -- El usuario que hace el pedido está logueado en la página
May 31 2023 18:39:36 -- [INFO ] -- hHL4Q9BNQlfm0BYx5BCDT45CnC04Ag -- ****** NUEVO PEDIDO ******
May 31 2023 18:39:36 -- [INFO ] -- hHL4Q9BNQlfm0BYx5BCDT45CnC04Ag -- WC_Redsys::process_payment -- Pago con Tarjeta redirección
May 31 2023 18:39:36 -- [INFO ] -- hHL4Q9BNQlfm0BYx5BCDT45CnC04Ag -- WC_Redsys::process_payment -- ID del usuario cargado: 
May 31 2023 18:39:36 -- [INFO ] -- hHL4Q9BNQlfm0BYx5BCDT45CnC04Ag -- WC_Redsys::process_payment -- El usuario que hace el pedido está logueado en la página
May 31 2023 18:40:39 -- [INFO ] -- hHL4Q9BNQlfm0BYx5BCDT45CnC04Ag -- ****** NUEVO PEDIDO ******
May 31 2023 18:40:39 -- [INFO ] -- hHL4Q9BNQlfm0BYx5BCDT45CnC04Ag -- WC_Redsys::process_payment -- Pago con Tarjeta redirección
May 31 2023 18:40:39 -- [INFO ] -- hHL4Q9BNQlfm0BYx5BCDT45CnC04Ag -- WC_Redsys::process_payment -- ID del usuario cargado: 
May 31 2023 18:40:39 -- [INFO ] -- hHL4Q9BNQlfm0BYx5BCDT45CnC04Ag -- WC_Redsys::process_payment -- El usuario que hace el pedido está logueado en la página
May 31 2023 18:43:15 -- [INFO ] -- hHL4Q9BNQlfm0BYx5BCDT45CnC04Ag -- ****** NUEVO PEDIDO ******
May 31 2023 18:43:15 -- [INFO ] -- hHL4Q9BNQlfm0BYx5BCDT45CnC04Ag -- WC_Redsys::process_payment -- Pago con Tarjeta redirección
May 31 2023 18:43:15 -- [INFO ] -- hHL4Q9BNQlfm0BYx5BCDT45CnC04Ag -- WC_Redsys::process_payment -- ID del usuario cargado: 
May 31 2023 18:43:15 -- [INFO ] -- hHL4Q9BNQlfm0BYx5BCDT45CnC04Ag -- WC_Redsys::process_payment -- El usuario que hace el pedido está logueado en la página
May 31 2023 18:47:41 -- [INFO ] -- hHL4Q9BNQlfm0BYx5BCDT45CnC04Ag -- ****** NUEVO PEDIDO ******
May 31 2023 18:47:41 -- [INFO ] -- hHL4Q9BNQlfm0BYx5BCDT45CnC04Ag -- WC_Redsys::process_payment -- Pago con Tarjeta redirección
May 31 2023 18:47:41 -- [INFO ] -- hHL4Q9BNQlfm0BYx5BCDT45CnC04Ag -- WC_Redsys::process_payment -- ID del usuario cargado: 
May 31 2023 18:47:41 -- [INFO ] -- hHL4Q9BNQlfm0BYx5BCDT45CnC04Ag -- WC_Redsys::process_payment -- El usuario que hace el pedido está logueado en la página
May 31 2023 18:50:45 -- [INFO ] -- hHL4Q9BNQlfm0BYx5BCDT45CnC04Ag -- ****** NUEVO PEDIDO ******
May 31 2023 18:50:45 -- [INFO ] -- hHL4Q9BNQlfm0BYx5BCDT45CnC04Ag -- WC_Redsys::process_payment -- Pago con Tarjeta redirección
May 31 2023 18:50:45 -- [INFO ] -- hHL4Q9BNQlfm0BYx5BCDT45CnC04Ag -- WC_Redsys::process_payment -- ID del usuario cargado: 
May 31 2023 18:50:45 -- [INFO ] -- hHL4Q9BNQlfm0BYx5BCDT45CnC04Ag -- WC_Redsys::process_payment -- El usuario que hace el pedido está logueado en la página
May 31 2023 18:59:58 -- [INFO ] -- vPlhsdqb7d3K0YADmVBBuFYPP0Yfuv -- ****** NUEVO PEDIDO ******
May 31 2023 18:59:58 -- [INFO ] -- vPlhsdqb7d3K0YADmVBBuFYPP0Yfuv -- WC_Redsys::process_payment -- Pago con Tarjeta redirección
May 31 2023 18:59:58 -- [INFO ] -- vPlhsdqb7d3K0YADmVBBuFYPP0Yfuv -- WC_Redsys::process_payment -- ID del usuario cargado: 
May 31 2023 18:59:58 -- [INFO ] -- vPlhsdqb7d3K0YADmVBBuFYPP0Yfuv -- WC_Redsys::process_payment -- El usuario que hace el pedido está logueado en la página
May 31 2023 19:24:10 -- [INFO ] -- OxqO8wpuCCfKP0V65aue9cE6u2qPeU -- ****** NUEVO PEDIDO ******
May 31 2023 19:24:10 -- [INFO ] -- OxqO8wpuCCfKP0V65aue9cE6u2qPeU -- WC_Redsys::process_payment -- Pago con Tarjeta redirección
May 31 2023 19:24:10 -- [INFO ] -- OxqO8wpuCCfKP0V65aue9cE6u2qPeU -- WC_Redsys::process_payment -- ID del usuario cargado: 
May 31 2023 19:24:10 -- [INFO ] -- OxqO8wpuCCfKP0V65aue9cE6u2qPeU -- WC_Redsys::process_payment -- El usuario que hace el pedido está logueado en la página
May 31 2023 19:24:10 -- [INFO ] -- OxqO8wpuCCfKP0V65aue9cE6u2qPeU -- WC_Redsys::get_redsys_object -- Numero de pedido enviado a Redsys ─ [Ds_Merchant_Order]: 000005532z50
May 31 2023 19:24:36 -- [INFO ] -- OxqO8wpuCCfKP0V65aue9cE6u2qPeU -- ****** NUEVO PEDIDO ******
May 31 2023 19:24:36 -- [INFO ] -- OxqO8wpuCCfKP0V65aue9cE6u2qPeU -- WC_Redsys::process_payment -- Pago con Tarjeta redirección
May 31 2023 19:24:36 -- [INFO ] -- OxqO8wpuCCfKP0V65aue9cE6u2qPeU -- WC_Redsys::process_payment -- ID del usuario cargado: 
May 31 2023 19:24:36 -- [INFO ] -- OxqO8wpuCCfKP0V65aue9cE6u2qPeU -- WC_Redsys::process_payment -- El usuario que hace el pedido está logueado en la página
May 31 2023 19:24:37 -- [INFO ] -- OxqO8wpuCCfKP0V65aue9cE6u2qPeU -- WC_Redsys::get_redsys_object -- Numero de pedido enviado a Redsys ─ [Ds_Merchant_Order]: 000005532z77
May 31 2023 19:25:33 -- [INFO ] -- OxqO8wpuCCfKP0V65aue9cE6u2qPeU -- ***** VALIDACIÓN DE LA NOTIFICACIÓN  ──  PEDIDO 000005532z77 *****
May 31 2023 19:25:33 -- [INFO ] -- OxqO8wpuCCfKP0V65aue9cE6u2qPeU -- WC_Redsys::check_rds_response -- 0000 - Operación finalizada correctamente.
May 31 2023 19:25:33 -- [INFO ] -- OxqO8wpuCCfKP0V65aue9cE6u2qPeU -- El pedido con ID de carrito 5532 (000005532z77) ya está marcado con un estado final, por lo que no se ha modificado su estado.
May 31 2023 19:27:13 -- [INFO ] -- OxqO8wpuCCfKP0V65aue9cE6u2qPeU -- ****** NUEVO PEDIDO ******
May 31 2023 19:27:13 -- [INFO ] -- OxqO8wpuCCfKP0V65aue9cE6u2qPeU -- ****** 00005532z233 ******
May 31 2023 19:27:13 -- [INFO ] -- OxqO8wpuCCfKP0V65aue9cE6u2qPeU -- WC_Redsys_Insite::receipt_page -- Pago con Tarjeta inSite
May 31 2023 19:27:13 -- [INFO ] -- OxqO8wpuCCfKP0V65aue9cE6u2qPeU -- WC_Redsys_Insite::receipt_page -- ID del usuario cargado: 1
May 31 2023 19:27:13 -- [INFO ] -- OxqO8wpuCCfKP0V65aue9cE6u2qPeU -- WC_Redsys_Insite::receipt_page -- El usuario que hace el pedido está logueado en la página
May 31 2023 19:30:49 -- [INFO ] -- OxqO8wpuCCfKP0V65aue9cE6u2qPeU -- ****** NUEVO PEDIDO ******
May 31 2023 19:30:49 -- [INFO ] -- OxqO8wpuCCfKP0V65aue9cE6u2qPeU -- WC_Redsys::process_payment -- Pago con Tarjeta redirección
May 31 2023 19:30:49 -- [INFO ] -- OxqO8wpuCCfKP0V65aue9cE6u2qPeU -- WC_Redsys::process_payment -- ID del usuario cargado: 
May 31 2023 19:30:49 -- [INFO ] -- OxqO8wpuCCfKP0V65aue9cE6u2qPeU -- WC_Redsys::process_payment -- El usuario que hace el pedido está logueado en la página
May 31 2023 19:30:50 -- [INFO ] -- OxqO8wpuCCfKP0V65aue9cE6u2qPeU -- WC_Redsys::get_redsys_object -- Numero de pedido enviado a Redsys ─ [Ds_Merchant_Order]: 00005532z450
Jun 07 2023 17:14:14 -- [INFO ] -- gdtlZmJyON2afo3g0wfgoIcZhQt1iT -- ****** NUEVO PEDIDO ******
Jun 07 2023 17:14:14 -- [INFO ] -- gdtlZmJyON2afo3g0wfgoIcZhQt1iT -- WC_Redsys::process_payment -- Pago con Tarjeta redirección
Jun 07 2023 17:14:14 -- [INFO ] -- gdtlZmJyON2afo3g0wfgoIcZhQt1iT -- WC_Redsys::process_payment -- ID del usuario cargado: 
Jun 07 2023 17:14:14 -- [INFO ] -- gdtlZmJyON2afo3g0wfgoIcZhQt1iT -- WC_Redsys::process_payment -- El usuario que hace el pedido está logueado en la página
Jun 07 2023 17:14:15 -- [INFO ] -- gdtlZmJyON2afo3g0wfgoIcZhQt1iT -- WC_Redsys::get_redsys_object -- Numero de pedido enviado a Redsys ─ [Ds_Merchant_Order]: 000005593z55
Jun 07 2023 17:51:33 -- [INFO ] -- N0ZoCcWzXfkW2LW6U3DEuOxyFlnt5R -- ****** NUEVO PEDIDO ******
Jun 07 2023 17:51:33 -- [INFO ] -- N0ZoCcWzXfkW2LW6U3DEuOxyFlnt5R -- WC_Redsys::process_payment -- Pago con Tarjeta redirección
Jun 07 2023 17:51:33 -- [INFO ] -- N0ZoCcWzXfkW2LW6U3DEuOxyFlnt5R -- WC_Redsys::process_payment -- ID del usuario cargado: 
Jun 07 2023 17:51:33 -- [INFO ] -- N0ZoCcWzXfkW2LW6U3DEuOxyFlnt5R -- WC_Redsys::process_payment -- El usuario que hace el pedido está logueado en la página
Jun 07 2023 17:51:34 -- [INFO ] -- N0ZoCcWzXfkW2LW6U3DEuOxyFlnt5R -- WC_Redsys::get_redsys_object -- Numero de pedido enviado a Redsys ─ [Ds_Merchant_Order]: 00005601z294
Jun 07 2023 17:54:56 -- [INFO ] -- lRyoCVl7ABREMzhUlQ2dmn1LDLfFrQ -- ****** NUEVO PEDIDO ******
Jun 07 2023 17:54:56 -- [INFO ] -- lRyoCVl7ABREMzhUlQ2dmn1LDLfFrQ -- WC_Redsys::process_payment -- Pago con Tarjeta redirección
Jun 07 2023 17:54:56 -- [INFO ] -- lRyoCVl7ABREMzhUlQ2dmn1LDLfFrQ -- WC_Redsys::process_payment -- ID del usuario cargado: 
Jun 07 2023 17:54:56 -- [INFO ] -- lRyoCVl7ABREMzhUlQ2dmn1LDLfFrQ -- WC_Redsys::process_payment -- El usuario que hace el pedido está logueado en la página
Jun 07 2023 17:54:56 -- [INFO ] -- lRyoCVl7ABREMzhUlQ2dmn1LDLfFrQ -- WC_Redsys::get_redsys_object -- Numero de pedido enviado a Redsys ─ [Ds_Merchant_Order]: 00005605z496
Jun 07 2023 18:02:44 -- [INFO ] -- xH8eKD6L5loYCCLXRAU98ocWvrx9co -- ****** NUEVO PEDIDO ******
Jun 07 2023 18:02:44 -- [INFO ] -- xH8eKD6L5loYCCLXRAU98ocWvrx9co -- WC_Redsys::process_payment -- Pago con Tarjeta redirección
Jun 07 2023 18:02:44 -- [INFO ] -- xH8eKD6L5loYCCLXRAU98ocWvrx9co -- WC_Redsys::process_payment -- ID del usuario cargado: 
Jun 07 2023 18:02:44 -- [INFO ] -- xH8eKD6L5loYCCLXRAU98ocWvrx9co -- WC_Redsys::process_payment -- El usuario que hace el pedido está logueado en la página
Jun 07 2023 18:02:45 -- [INFO ] -- xH8eKD6L5loYCCLXRAU98ocWvrx9co -- WC_Redsys::get_redsys_object -- Numero de pedido enviado a Redsys ─ [Ds_Merchant_Order]: 00005612z965
Jun 08 2023 10:14:28 -- [INFO ] -- v8IxIoFNIuVV6ybkpFV6fMVpMTI2XT -- ****** NUEVO PEDIDO ******
Jun 08 2023 10:14:28 -- [INFO ] -- v8IxIoFNIuVV6ybkpFV6fMVpMTI2XT -- WC_Redsys::process_payment -- Pago con Tarjeta redirección
Jun 08 2023 10:14:28 -- [INFO ] -- v8IxIoFNIuVV6ybkpFV6fMVpMTI2XT -- WC_Redsys::process_payment -- ID del usuario cargado: 
Jun 08 2023 10:14:28 -- [INFO ] -- v8IxIoFNIuVV6ybkpFV6fMVpMTI2XT -- WC_Redsys::process_payment -- El usuario que hace el pedido está logueado en la página
Jun 08 2023 10:14:29 -- [INFO ] -- v8IxIoFNIuVV6ybkpFV6fMVpMTI2XT -- WC_Redsys::get_redsys_object -- Numero de pedido enviado a Redsys ─ [Ds_Merchant_Order]: 00005648z269
Jun 08 2023 10:15:07 -- [INFO ] -- v8IxIoFNIuVV6ybkpFV6fMVpMTI2XT -- ****** NUEVO PEDIDO ******
Jun 08 2023 10:15:07 -- [INFO ] -- v8IxIoFNIuVV6ybkpFV6fMVpMTI2XT -- WC_Redsys::process_payment -- Pago con Tarjeta redirección
Jun 08 2023 10:15:07 -- [INFO ] -- v8IxIoFNIuVV6ybkpFV6fMVpMTI2XT -- WC_Redsys::process_payment -- ID del usuario cargado: 
Jun 08 2023 10:15:07 -- [INFO ] -- v8IxIoFNIuVV6ybkpFV6fMVpMTI2XT -- WC_Redsys::process_payment -- El usuario que hace el pedido está logueado en la página
Jun 08 2023 10:15:08 -- [INFO ] -- v8IxIoFNIuVV6ybkpFV6fMVpMTI2XT -- WC_Redsys::get_redsys_object -- Numero de pedido enviado a Redsys ─ [Ds_Merchant_Order]: 00005648z308
Jun 08 2023 12:28:33 -- [INFO ] -- S0Nrkuo7bbrqiI67rWQUuDeTItQIq5 -- ****** NUEVO PEDIDO ******
Jun 08 2023 12:28:33 -- [INFO ] -- S0Nrkuo7bbrqiI67rWQUuDeTItQIq5 -- WC_Redsys::process_payment -- Pago con Tarjeta redirección
Jun 08 2023 12:28:33 -- [INFO ] -- S0Nrkuo7bbrqiI67rWQUuDeTItQIq5 -- WC_Redsys::process_payment -- ID del usuario cargado: 
Jun 08 2023 12:28:33 -- [INFO ] -- S0Nrkuo7bbrqiI67rWQUuDeTItQIq5 -- WC_Redsys::process_payment -- El usuario que hace el pedido no está logueado en la página
Jun 08 2023 12:28:34 -- [INFO ] -- S0Nrkuo7bbrqiI67rWQUuDeTItQIq5 -- WC_Redsys::get_redsys_object -- Numero de pedido enviado a Redsys ─ [Ds_Merchant_Order]: 00005666z314
Jun 08 2023 20:06:50 -- [INFO ] -- DcOdfV82FRCoBmuKcl1UJDeFFElOte -- ****** NUEVO PEDIDO ******
Jun 08 2023 20:06:50 -- [INFO ] -- DcOdfV82FRCoBmuKcl1UJDeFFElOte -- WC_Redsys::process_payment -- Pago con Tarjeta redirección
Jun 08 2023 20:06:50 -- [INFO ] -- DcOdfV82FRCoBmuKcl1UJDeFFElOte -- WC_Redsys::process_payment -- ID del usuario cargado: 
Jun 08 2023 20:06:50 -- [INFO ] -- DcOdfV82FRCoBmuKcl1UJDeFFElOte -- WC_Redsys::process_payment -- El usuario que hace el pedido está logueado en la página
Jun 08 2023 20:06:51 -- [INFO ] -- DcOdfV82FRCoBmuKcl1UJDeFFElOte -- WC_Redsys::get_redsys_object -- Numero de pedido enviado a Redsys ─ [Ds_Merchant_Order]: 00005673z811
Jun 09 2023 7:28:30 -- [INFO ] -- rxjkz2qj20PaUvcjX9lKNJTxAp5ZdD -- ****** NUEVO PEDIDO ******
Jun 09 2023 7:28:30 -- [INFO ] -- rxjkz2qj20PaUvcjX9lKNJTxAp5ZdD -- WC_Redsys::process_payment -- Pago con Tarjeta redirección
Jun 09 2023 7:28:30 -- [INFO ] -- rxjkz2qj20PaUvcjX9lKNJTxAp5ZdD -- WC_Redsys::process_payment -- ID del usuario cargado: 
Jun 09 2023 7:28:30 -- [INFO ] -- rxjkz2qj20PaUvcjX9lKNJTxAp5ZdD -- WC_Redsys::process_payment -- El usuario que hace el pedido no está logueado en la página
Jun 09 2023 7:28:31 -- [INFO ] -- rxjkz2qj20PaUvcjX9lKNJTxAp5ZdD -- WC_Redsys::get_redsys_object -- Numero de pedido enviado a Redsys ─ [Ds_Merchant_Order]: 00005682z711
Jun 09 2023 7:33:33 -- [INFO ] -- 1avvlHXhIw5lfLynl0Yp4SXHgdsdfK -- ****** NUEVO PEDIDO ******
Jun 09 2023 7:33:33 -- [INFO ] -- 1avvlHXhIw5lfLynl0Yp4SXHgdsdfK -- WC_Redsys::process_payment -- Pago con Tarjeta redirección
Jun 09 2023 7:33:33 -- [INFO ] -- 1avvlHXhIw5lfLynl0Yp4SXHgdsdfK -- WC_Redsys::process_payment -- ID del usuario cargado: 
Jun 09 2023 7:33:33 -- [INFO ] -- 1avvlHXhIw5lfLynl0Yp4SXHgdsdfK -- WC_Redsys::process_payment -- El usuario que hace el pedido no está logueado en la página
Jun 09 2023 7:33:34 -- [INFO ] -- 1avvlHXhIw5lfLynl0Yp4SXHgdsdfK -- WC_Redsys::get_redsys_object -- Numero de pedido enviado a Redsys ─ [Ds_Merchant_Order]: 000005683z14
Jun 09 2023 7:34:28 -- [INFO ] -- 1avvlHXhIw5lfLynl0Yp4SXHgdsdfK -- ***** VALIDACIÓN DE LA NOTIFICACIÓN  ──  PEDIDO 000005683z14 *****
Jun 09 2023 7:34:28 -- [INFO ] -- 1avvlHXhIw5lfLynl0Yp4SXHgdsdfK -- WC_Redsys::check_rds_response -- 0000 - Operación finalizada correctamente.
Jun 09 2023 7:34:28 -- [INFO ] -- 1avvlHXhIw5lfLynl0Yp4SXHgdsdfK -- El pedido con ID de carrito 5683 (000005683z14) ya está marcado con un estado final, por lo que no se ha modificado su estado.
Jun 09 2023 11:54:20 -- [INFO ] -- a4X1doZtgnflSUmWHJzOcK6hPMj6Ov -- WC_Redsys::get_redsys_object -- Numero de pedido enviado a Redsys ─ [Ds_Merchant_Order]: 00000000z660
Jun 09 2023 11:54:21 -- [INFO ] -- a4X1doZtgnflSUmWHJzOcK6hPMj6Ov -- WC_Redsys::get_redsys_object -- Numero de pedido enviado a Redsys ─ [Ds_Merchant_Order]: 00000000z661
Jun 09 2023 11:54:24 -- [INFO ] -- 9DPPFoT5aPHq9IcTz5ipzgRMnWwLTm -- ****** NUEVO PEDIDO ******
Jun 09 2023 11:54:24 -- [INFO ] -- 9DPPFoT5aPHq9IcTz5ipzgRMnWwLTm -- WC_Redsys::process_payment -- Pago con Tarjeta redirección
Jun 09 2023 11:54:24 -- [INFO ] -- 9DPPFoT5aPHq9IcTz5ipzgRMnWwLTm -- WC_Redsys::process_payment -- ID del usuario cargado: 
Jun 09 2023 11:54:24 -- [INFO ] -- 9DPPFoT5aPHq9IcTz5ipzgRMnWwLTm -- WC_Redsys::process_payment -- El usuario que hace el pedido está logueado en la página
Jun 11 2023 15:11:41 -- [INFO ] -- 8Fh6Bla5lCA8btW0wYqC71FTaNcVDp -- WC_Redsys::get_redsys_object -- Numero de pedido enviado a Redsys ─ [Ds_Merchant_Order]: 00005747z301
Jun 11 2023 15:11:42 -- [INFO ] -- 8Fh6Bla5lCA8btW0wYqC71FTaNcVDp -- WC_Redsys::get_redsys_object -- Numero de pedido enviado a Redsys ─ [Ds_Merchant_Order]: 00005747z302
Jun 11 2023 15:11:46 -- [INFO ] -- 44acc6Udp8dxzrPotTZf8fOGF8nfzb -- ****** NUEVO PEDIDO ******
Jun 11 2023 15:11:46 -- [INFO ] -- 44acc6Udp8dxzrPotTZf8fOGF8nfzb -- WC_Redsys::process_payment -- Pago con Tarjeta redirección
Jun 11 2023 15:11:46 -- [INFO ] -- 44acc6Udp8dxzrPotTZf8fOGF8nfzb -- WC_Redsys::process_payment -- ID del usuario cargado: 
Jun 11 2023 15:11:46 -- [INFO ] -- 44acc6Udp8dxzrPotTZf8fOGF8nfzb -- WC_Redsys::process_payment -- El usuario que hace el pedido está logueado en la página
Jun 11 2023 15:11:55 -- [INFO ] -- 44acc6Udp8dxzrPotTZf8fOGF8nfzb -- WC_Redsys::get_redsys_object -- Numero de pedido enviado a Redsys ─ [Ds_Merchant_Order]: 00005792z315
Jun 11 2023 15:11:56 -- [INFO ] -- 44acc6Udp8dxzrPotTZf8fOGF8nfzb -- WC_Redsys::get_redsys_object -- Numero de pedido enviado a Redsys ─ [Ds_Merchant_Order]: 00005792z316
Jun 11 2023 15:12:02 -- [INFO ] -- 44acc6Udp8dxzrPotTZf8fOGF8nfzb -- ****** NUEVO PEDIDO ******
Jun 11 2023 15:12:02 -- [INFO ] -- 44acc6Udp8dxzrPotTZf8fOGF8nfzb -- WC_Redsys::process_payment -- Pago con Tarjeta redirección
Jun 11 2023 15:12:02 -- [INFO ] -- 44acc6Udp8dxzrPotTZf8fOGF8nfzb -- WC_Redsys::process_payment -- ID del usuario cargado: 
Jun 11 2023 15:12:02 -- [INFO ] -- 44acc6Udp8dxzrPotTZf8fOGF8nfzb -- WC_Redsys::process_payment -- El usuario que hace el pedido está logueado en la página
Jun 11 2023 15:12:59 -- [INFO ] -- 44acc6Udp8dxzrPotTZf8fOGF8nfzb -- ***** VALIDACIÓN DE LA NOTIFICACIÓN  ──  PEDIDO 00005792z316 *****
Jun 11 2023 15:12:59 -- [INFO ] -- 44acc6Udp8dxzrPotTZf8fOGF8nfzb -- WC_Redsys::check_rds_response -- 0000 - Operación finalizada correctamente.
Jun 11 2023 15:13:00 -- [INFO ] -- 44acc6Udp8dxzrPotTZf8fOGF8nfzb -- WC_Redsys::check_rds_response -- El pedido con ID de carrito 5792 (00005792z316) es válido y se ha registrado correctamente.
Jun 11 2023 15:17:38 -- [INFO ] -- lBqmTR6fhU57irYAyoYD6o5dIsJ4m1 -- WC_Redsys::get_redsys_object -- Numero de pedido enviado a Redsys ─ [Ds_Merchant_Order]: 00005793z658
Jun 11 2023 15:17:39 -- [INFO ] -- lBqmTR6fhU57irYAyoYD6o5dIsJ4m1 -- WC_Redsys::get_redsys_object -- Numero de pedido enviado a Redsys ─ [Ds_Merchant_Order]: 00005793z659
Jun 11 2023 15:17:53 -- [INFO ] -- lBqmTR6fhU57irYAyoYD6o5dIsJ4m1 -- ****** NUEVO PEDIDO ******
Jun 11 2023 15:17:53 -- [INFO ] -- lBqmTR6fhU57irYAyoYD6o5dIsJ4m1 -- WC_Redsys::process_payment -- Pago con Tarjeta redirección
Jun 11 2023 15:17:53 -- [INFO ] -- lBqmTR6fhU57irYAyoYD6o5dIsJ4m1 -- WC_Redsys::process_payment -- ID del usuario cargado: 
Jun 11 2023 15:17:53 -- [INFO ] -- lBqmTR6fhU57irYAyoYD6o5dIsJ4m1 -- WC_Redsys::process_payment -- El usuario que hace el pedido está logueado en la página
Jun 11 2023 15:19:24 -- [INFO ] -- lBqmTR6fhU57irYAyoYD6o5dIsJ4m1 -- WC_Redsys::get_redsys_object -- Numero de pedido enviado a Redsys ─ [Ds_Merchant_Order]: 00005793z764
Jun 11 2023 15:19:25 -- [INFO ] -- lBqmTR6fhU57irYAyoYD6o5dIsJ4m1 -- WC_Redsys::get_redsys_object -- Numero de pedido enviado a Redsys ─ [Ds_Merchant_Order]: 00005793z765
Jun 11 2023 15:24:55 -- [INFO ] -- lBqmTR6fhU57irYAyoYD6o5dIsJ4m1 -- ****** NUEVO PEDIDO ******
Jun 11 2023 15:24:55 -- [INFO ] -- lBqmTR6fhU57irYAyoYD6o5dIsJ4m1 -- WC_Redsys::process_payment -- Pago con Tarjeta redirección
Jun 11 2023 15:24:55 -- [INFO ] -- lBqmTR6fhU57irYAyoYD6o5dIsJ4m1 -- WC_Redsys::process_payment -- ID del usuario cargado: 
Jun 11 2023 15:24:55 -- [INFO ] -- lBqmTR6fhU57irYAyoYD6o5dIsJ4m1 -- WC_Redsys::process_payment -- El usuario que hace el pedido está logueado en la página
Jun 11 2023 15:26:26 -- [INFO ] -- Ykas5aOmTJbYR0ZlvgODboSIKz9j6q -- WC_Redsys::get_redsys_object -- Numero de pedido enviado a Redsys ─ [Ds_Merchant_Order]: 00005794z186
Jun 11 2023 15:26:27 -- [INFO ] -- Ykas5aOmTJbYR0ZlvgODboSIKz9j6q -- WC_Redsys::get_redsys_object -- Numero de pedido enviado a Redsys ─ [Ds_Merchant_Order]: 00005794z187
Jun 11 2023 15:26:47 -- [INFO ] -- Ykas5aOmTJbYR0ZlvgODboSIKz9j6q -- WC_Redsys::get_redsys_object -- Numero de pedido enviado a Redsys ─ [Ds_Merchant_Order]: 00005794z207
Jun 11 2023 15:26:57 -- [INFO ] -- Ykas5aOmTJbYR0ZlvgODboSIKz9j6q -- ****** NUEVO PEDIDO ******
Jun 11 2023 15:26:57 -- [INFO ] -- Ykas5aOmTJbYR0ZlvgODboSIKz9j6q -- WC_Redsys::process_payment -- Pago con Tarjeta redirección
Jun 11 2023 15:26:57 -- [INFO ] -- Ykas5aOmTJbYR0ZlvgODboSIKz9j6q -- WC_Redsys::process_payment -- ID del usuario cargado: 
Jun 11 2023 15:26:57 -- [INFO ] -- Ykas5aOmTJbYR0ZlvgODboSIKz9j6q -- WC_Redsys::process_payment -- El usuario que hace el pedido no está logueado en la página
Jun 11 2023 15:27:08 -- [INFO ] -- Ykas5aOmTJbYR0ZlvgODboSIKz9j6q -- ***** VALIDACIÓN DE LA NOTIFICACIÓN  ──  PEDIDO 00005794z207 *****
Jun 11 2023 15:27:08 -- [INFO ] -- Ykas5aOmTJbYR0ZlvgODboSIKz9j6q -- WC_Redsys::check_rds_response -- 0000 - Operación finalizada correctamente.
Jun 11 2023 15:27:08 -- [INFO ] -- Ykas5aOmTJbYR0ZlvgODboSIKz9j6q -- WC_Redsys::check_rds_response -- El pedido con ID de carrito 5794 (00005794z207) es válido y se ha registrado correctamente.
Jun 11 2023 15:32:41 -- [INFO ] -- lBqmTR6fhU57irYAyoYD6o5dIsJ4m1 -- WC_Redsys::get_redsys_object -- Numero de pedido enviado a Redsys ─ [Ds_Merchant_Order]: 00005793z561
Jun 11 2023 15:32:42 -- [INFO ] -- lBqmTR6fhU57irYAyoYD6o5dIsJ4m1 -- WC_Redsys::get_redsys_object -- Numero de pedido enviado a Redsys ─ [Ds_Merchant_Order]: 00005793z562
Jun 11 2023 15:33:10 -- [INFO ] -- lBqmTR6fhU57irYAyoYD6o5dIsJ4m1 -- WC_Redsys::get_redsys_object -- Numero de pedido enviado a Redsys ─ [Ds_Merchant_Order]: 00005793z590
Jun 11 2023 15:33:11 -- [INFO ] -- lBqmTR6fhU57irYAyoYD6o5dIsJ4m1 -- WC_Redsys::get_redsys_object -- Numero de pedido enviado a Redsys ─ [Ds_Merchant_Order]: 00005793z591
Jun 11 2023 16:52:04 -- [INFO ] -- lBqmTR6fhU57irYAyoYD6o5dIsJ4m1 -- WC_Redsys::get_redsys_object -- Numero de pedido enviado a Redsys ─ [Ds_Merchant_Order]: 00005793z324
Jun 11 2023 16:52:05 -- [INFO ] -- lBqmTR6fhU57irYAyoYD6o5dIsJ4m1 -- WC_Redsys::get_redsys_object -- Numero de pedido enviado a Redsys ─ [Ds_Merchant_Order]: 00005793z325
Jun 11 2023 16:52:17 -- [INFO ] -- lBqmTR6fhU57irYAyoYD6o5dIsJ4m1 -- WC_Redsys::get_redsys_object -- Numero de pedido enviado a Redsys ─ [Ds_Merchant_Order]: 00005793z337
Jun 11 2023 16:52:18 -- [INFO ] -- lBqmTR6fhU57irYAyoYD6o5dIsJ4m1 -- WC_Redsys::get_redsys_object -- Numero de pedido enviado a Redsys ─ [Ds_Merchant_Order]: 00005793z338
Jun 11 2023 16:58:21 -- [INFO ] -- lBqmTR6fhU57irYAyoYD6o5dIsJ4m1 -- WC_Redsys::get_redsys_object -- Numero de pedido enviado a Redsys ─ [Ds_Merchant_Order]: 00005793z701
Jun 11 2023 16:58:22 -- [INFO ] -- lBqmTR6fhU57irYAyoYD6o5dIsJ4m1 -- WC_Redsys::get_redsys_object -- Numero de pedido enviado a Redsys ─ [Ds_Merchant_Order]: 00005793z702
Jun 11 2023 17:08:58 -- [INFO ] -- a4X1doZtgnflSUmWHJzOcK6hPMj6Ov -- WC_Redsys::get_redsys_object -- Numero de pedido enviado a Redsys ─ [Ds_Merchant_Order]: 00000000z338
Jun 11 2023 17:08:59 -- [INFO ] -- a4X1doZtgnflSUmWHJzOcK6hPMj6Ov -- WC_Redsys::get_redsys_object -- Numero de pedido enviado a Redsys ─ [Ds_Merchant_Order]: 00000000z339
Jun 12 2023 6:16:57 -- [INFO ] -- a4X1doZtgnflSUmWHJzOcK6hPMj6Ov -- WC_Redsys::get_redsys_object -- Numero de pedido enviado a Redsys ─ [Ds_Merchant_Order]: 00000000z617
Jun 12 2023 6:16:59 -- [INFO ] -- a4X1doZtgnflSUmWHJzOcK6hPMj6Ov -- WC_Redsys::get_redsys_object -- Numero de pedido enviado a Redsys ─ [Ds_Merchant_Order]: 00000000z619
Jun 12 2023 6:54:04 -- [INFO ] -- a4X1doZtgnflSUmWHJzOcK6hPMj6Ov -- WC_Redsys::get_redsys_object -- Numero de pedido enviado a Redsys ─ [Ds_Merchant_Order]: 00000000z844
Jun 12 2023 6:54:06 -- [INFO ] -- a4X1doZtgnflSUmWHJzOcK6hPMj6Ov -- WC_Redsys::get_redsys_object -- Numero de pedido enviado a Redsys ─ [Ds_Merchant_Order]: 00000000z846
Jun 12 2023 8:11:54 -- [INFO ] -- a4X1doZtgnflSUmWHJzOcK6hPMj6Ov -- WC_Redsys::get_redsys_object -- Numero de pedido enviado a Redsys ─ [Ds_Merchant_Order]: 00000000z514
Jun 12 2023 8:11:55 -- [INFO ] -- a4X1doZtgnflSUmWHJzOcK6hPMj6Ov -- WC_Redsys::get_redsys_object -- Numero de pedido enviado a Redsys ─ [Ds_Merchant_Order]: 00000000z515
Jun 12 2023 8:18:43 -- [INFO ] -- a4X1doZtgnflSUmWHJzOcK6hPMj6Ov -- WC_Redsys::get_redsys_object -- Numero de pedido enviado a Redsys ─ [Ds_Merchant_Order]: 00000000z923
Jun 12 2023 8:18:44 -- [INFO ] -- a4X1doZtgnflSUmWHJzOcK6hPMj6Ov -- WC_Redsys::get_redsys_object -- Numero de pedido enviado a Redsys ─ [Ds_Merchant_Order]: 00000000z924
Jun 12 2023 10:28:15 -- [INFO ] -- a4X1doZtgnflSUmWHJzOcK6hPMj6Ov -- WC_Redsys::get_redsys_object -- Numero de pedido enviado a Redsys ─ [Ds_Merchant_Order]: 00000000z695
Jun 12 2023 10:28:18 -- [INFO ] -- a4X1doZtgnflSUmWHJzOcK6hPMj6Ov -- WC_Redsys::get_redsys_object -- Numero de pedido enviado a Redsys ─ [Ds_Merchant_Order]: 00000000z698
Jun 12 2023 10:41:29 -- [INFO ] -- a4X1doZtgnflSUmWHJzOcK6hPMj6Ov -- WC_Redsys::get_redsys_object -- Numero de pedido enviado a Redsys ─ [Ds_Merchant_Order]: 00000000z489
Jun 12 2023 10:41:30 -- [INFO ] -- a4X1doZtgnflSUmWHJzOcK6hPMj6Ov -- WC_Redsys::get_redsys_object -- Numero de pedido enviado a Redsys ─ [Ds_Merchant_Order]: 00000000z490
Jun 12 2023 10:55:10 -- [INFO ] -- a4X1doZtgnflSUmWHJzOcK6hPMj6Ov -- WC_Redsys::get_redsys_object -- Numero de pedido enviado a Redsys ─ [Ds_Merchant_Order]: 00000000z310
Jun 12 2023 10:55:12 -- [INFO ] -- a4X1doZtgnflSUmWHJzOcK6hPMj6Ov -- WC_Redsys::get_redsys_object -- Numero de pedido enviado a Redsys ─ [Ds_Merchant_Order]: 00000000z312
Jun 12 2023 10:55:31 -- [INFO ] -- a4X1doZtgnflSUmWHJzOcK6hPMj6Ov -- WC_Redsys::get_redsys_object -- Numero de pedido enviado a Redsys ─ [Ds_Merchant_Order]: 00000000z331
Jun 12 2023 10:55:33 -- [INFO ] -- a4X1doZtgnflSUmWHJzOcK6hPMj6Ov -- WC_Redsys::get_redsys_object -- Numero de pedido enviado a Redsys ─ [Ds_Merchant_Order]: 00000000z333
Jun 12 2023 10:55:37 -- [INFO ] -- HsgOhcZEnV1FyjeKjUqgn27OzyhCNK -- ****** NUEVO PEDIDO ******
Jun 12 2023 10:55:37 -- [INFO ] -- HsgOhcZEnV1FyjeKjUqgn27OzyhCNK -- WC_Redsys::process_payment -- Pago con Tarjeta redirección
Jun 12 2023 10:55:37 -- [INFO ] -- HsgOhcZEnV1FyjeKjUqgn27OzyhCNK -- WC_Redsys::process_payment -- ID del usuario cargado: 
Jun 12 2023 10:55:37 -- [INFO ] -- HsgOhcZEnV1FyjeKjUqgn27OzyhCNK -- WC_Redsys::process_payment -- El usuario que hace el pedido está logueado en la página
Jun 12 2023 10:56:38 -- [INFO ] -- t0K98vWRsGGCwmzlZ953eDx2pUJrEn -- WC_Redsys::get_redsys_object -- Numero de pedido enviado a Redsys ─ [Ds_Merchant_Order]: 00005978z398
Jun 12 2023 10:56:39 -- [INFO ] -- t0K98vWRsGGCwmzlZ953eDx2pUJrEn -- WC_Redsys::get_redsys_object -- Numero de pedido enviado a Redsys ─ [Ds_Merchant_Order]: 00005978z399
Jun 12 2023 10:56:49 -- [INFO ] -- t0K98vWRsGGCwmzlZ953eDx2pUJrEn -- WC_Redsys::get_redsys_object -- Numero de pedido enviado a Redsys ─ [Ds_Merchant_Order]: 00005978z409
Jun 12 2023 10:56:59 -- [INFO ] -- t0K98vWRsGGCwmzlZ953eDx2pUJrEn -- WC_Redsys::get_redsys_object -- Numero de pedido enviado a Redsys ─ [Ds_Merchant_Order]: 00005978z419
Jun 12 2023 10:57:09 -- [INFO ] -- PFQzpDfDO7wBT4lbB3IBHD2kJ9H44f -- ****** NUEVO PEDIDO ******
Jun 12 2023 10:57:09 -- [INFO ] -- PFQzpDfDO7wBT4lbB3IBHD2kJ9H44f -- WC_Redsys::process_payment -- Pago con Tarjeta redirección
Jun 12 2023 10:57:09 -- [INFO ] -- PFQzpDfDO7wBT4lbB3IBHD2kJ9H44f -- WC_Redsys::process_payment -- ID del usuario cargado: 
Jun 12 2023 10:57:09 -- [INFO ] -- PFQzpDfDO7wBT4lbB3IBHD2kJ9H44f -- WC_Redsys::process_payment -- El usuario que hace el pedido no está logueado en la página
Jun 12 2023 10:59:15 -- [INFO ] -- akasdFnXGWzUO2HpLAX2cjN9SkE9FZ -- ****** NUEVO PEDIDO ******
Jun 12 2023 10:59:15 -- [INFO ] -- akasdFnXGWzUO2HpLAX2cjN9SkE9FZ -- WC_Redsys::process_payment -- Pago con Tarjeta redirección
Jun 12 2023 10:59:15 -- [INFO ] -- akasdFnXGWzUO2HpLAX2cjN9SkE9FZ -- WC_Redsys::process_payment -- ID del usuario cargado: 
Jun 12 2023 10:59:15 -- [INFO ] -- akasdFnXGWzUO2HpLAX2cjN9SkE9FZ -- WC_Redsys::process_payment -- El usuario que hace el pedido está logueado en la página
Jun 12 2023 10:59:16 -- [INFO ] -- akasdFnXGWzUO2HpLAX2cjN9SkE9FZ -- WC_Redsys::get_redsys_object -- Numero de pedido enviado a Redsys ─ [Ds_Merchant_Order]: 00005980z556
Jun 12 2023 11:27:21 -- [INFO ] -- akasdFnXGWzUO2HpLAX2cjN9SkE9FZ -- WC_Redsys::get_redsys_object -- Numero de pedido enviado a Redsys ─ [Ds_Merchant_Order]: 00005980z241
Jun 12 2023 11:27:23 -- [INFO ] -- akasdFnXGWzUO2HpLAX2cjN9SkE9FZ -- WC_Redsys::get_redsys_object -- Numero de pedido enviado a Redsys ─ [Ds_Merchant_Order]: 00005980z243
Jun 12 2023 11:27:24 -- [INFO ] -- akasdFnXGWzUO2HpLAX2cjN9SkE9FZ -- ****** NUEVO PEDIDO ******
Jun 12 2023 11:27:24 -- [INFO ] -- akasdFnXGWzUO2HpLAX2cjN9SkE9FZ -- WC_Redsys::process_payment -- Pago con Tarjeta redirección
Jun 12 2023 11:27:24 -- [INFO ] -- akasdFnXGWzUO2HpLAX2cjN9SkE9FZ -- WC_Redsys::process_payment -- ID del usuario cargado: 
Jun 12 2023 11:27:24 -- [INFO ] -- akasdFnXGWzUO2HpLAX2cjN9SkE9FZ -- WC_Redsys::process_payment -- El usuario que hace el pedido está logueado en la página
Jun 12 2023 12:41:31 -- [INFO ] -- NEHXCl2AkPHJ1sKuMWxjNumdVSTA7W -- WC_Redsys::get_redsys_object -- Numero de pedido enviado a Redsys ─ [Ds_Merchant_Order]: 00005981z691
Jun 12 2023 12:41:34 -- [INFO ] -- NEHXCl2AkPHJ1sKuMWxjNumdVSTA7W -- WC_Redsys::get_redsys_object -- Numero de pedido enviado a Redsys ─ [Ds_Merchant_Order]: 00005981z694
Jun 12 2023 12:41:56 -- [INFO ] -- NEHXCl2AkPHJ1sKuMWxjNumdVSTA7W -- WC_Redsys::get_redsys_object -- Numero de pedido enviado a Redsys ─ [Ds_Merchant_Order]: 00005981z716
Jun 12 2023 12:41:58 -- [INFO ] -- NEHXCl2AkPHJ1sKuMWxjNumdVSTA7W -- WC_Redsys::get_redsys_object -- Numero de pedido enviado a Redsys ─ [Ds_Merchant_Order]: 00005981z718
Jun 12 2023 12:42:13 -- [INFO ] -- NEHXCl2AkPHJ1sKuMWxjNumdVSTA7W -- WC_Redsys::get_redsys_object -- Numero de pedido enviado a Redsys ─ [Ds_Merchant_Order]: 00005981z733
Jun 12 2023 12:42:28 -- [INFO ] -- NEHXCl2AkPHJ1sKuMWxjNumdVSTA7W -- WC_Redsys::get_redsys_object -- Numero de pedido enviado a Redsys ─ [Ds_Merchant_Order]: 00005981z748
Jun 12 2023 12:42:30 -- [INFO ] -- NEHXCl2AkPHJ1sKuMWxjNumdVSTA7W -- WC_Redsys::get_redsys_object -- Numero de pedido enviado a Redsys ─ [Ds_Merchant_Order]: 00005981z750
Jun 12 2023 12:42:38 -- [INFO ] -- NEHXCl2AkPHJ1sKuMWxjNumdVSTA7W -- WC_Redsys::get_redsys_object -- Numero de pedido enviado a Redsys ─ [Ds_Merchant_Order]: 00005981z758
Jun 12 2023 12:42:40 -- [INFO ] -- NEHXCl2AkPHJ1sKuMWxjNumdVSTA7W -- WC_Redsys::get_redsys_object -- Numero de pedido enviado a Redsys ─ [Ds_Merchant_Order]: 00005981z760
Jun 12 2023 12:42:48 -- [INFO ] -- YLlksRgs3dnkNZN2NxHDpiS5LVtHTX -- ****** NUEVO PEDIDO ******
Jun 12 2023 12:42:48 -- [INFO ] -- YLlksRgs3dnkNZN2NxHDpiS5LVtHTX -- WC_Redsys::process_payment -- Pago con Tarjeta redirección
Jun 12 2023 12:42:48 -- [INFO ] -- YLlksRgs3dnkNZN2NxHDpiS5LVtHTX -- WC_Redsys::process_payment -- ID del usuario cargado: 
Jun 12 2023 12:42:48 -- [INFO ] -- YLlksRgs3dnkNZN2NxHDpiS5LVtHTX -- WC_Redsys::process_payment -- El usuario que hace el pedido no está logueado en la página
Jun 12 2023 13:44:40 -- [INFO ] -- YNa2B5t21ApNB6s5PDPtKBM09PtZpM -- WC_Redsys::get_redsys_object -- Numero de pedido enviado a Redsys ─ [Ds_Merchant_Order]: 00006013z480
Jun 12 2023 13:44:41 -- [INFO ] -- YNa2B5t21ApNB6s5PDPtKBM09PtZpM -- WC_Redsys::get_redsys_object -- Numero de pedido enviado a Redsys ─ [Ds_Merchant_Order]: 00006013z481
Jun 12 2023 13:45:03 -- [INFO ] -- YNa2B5t21ApNB6s5PDPtKBM09PtZpM -- WC_Redsys::get_redsys_object -- Numero de pedido enviado a Redsys ─ [Ds_Merchant_Order]: 00006013z503
Jun 12 2023 13:45:16 -- [INFO ] -- YNa2B5t21ApNB6s5PDPtKBM09PtZpM -- ****** NUEVO PEDIDO ******
Jun 12 2023 13:45:16 -- [INFO ] -- YNa2B5t21ApNB6s5PDPtKBM09PtZpM -- WC_Redsys::process_payment -- Pago con Tarjeta redirección
Jun 12 2023 13:45:16 -- [INFO ] -- YNa2B5t21ApNB6s5PDPtKBM09PtZpM -- WC_Redsys::process_payment -- ID del usuario cargado: 
Jun 12 2023 13:45:16 -- [INFO ] -- YNa2B5t21ApNB6s5PDPtKBM09PtZpM -- WC_Redsys::process_payment -- El usuario que hace el pedido no está logueado en la página
Jun 12 2023 13:46:42 -- [INFO ] -- YNa2B5t21ApNB6s5PDPtKBM09PtZpM -- WC_Redsys::get_redsys_object -- Numero de pedido enviado a Redsys ─ [Ds_Merchant_Order]: 00006013z602
Jun 12 2023 13:46:44 -- [INFO ] -- YNa2B5t21ApNB6s5PDPtKBM09PtZpM -- WC_Redsys::get_redsys_object -- Numero de pedido enviado a Redsys ─ [Ds_Merchant_Order]: 00006013z604
Jun 12 2023 13:51:01 -- [INFO ] -- F6Te0YAYzlwB7VBY8ijVl4wm8IHiIm -- WC_Redsys::get_redsys_object -- Numero de pedido enviado a Redsys ─ [Ds_Merchant_Order]: 00006014z861
Jun 12 2023 13:51:02 -- [INFO ] -- F6Te0YAYzlwB7VBY8ijVl4wm8IHiIm -- WC_Redsys::get_redsys_object -- Numero de pedido enviado a Redsys ─ [Ds_Merchant_Order]: 00006014z862
Jun 12 2023 13:51:26 -- [INFO ] -- F6Te0YAYzlwB7VBY8ijVl4wm8IHiIm -- WC_Redsys::get_redsys_object -- Numero de pedido enviado a Redsys ─ [Ds_Merchant_Order]: 00006014z886
Jun 12 2023 13:51:37 -- [INFO ] -- F6Te0YAYzlwB7VBY8ijVl4wm8IHiIm -- WC_Redsys::get_redsys_object -- Numero de pedido enviado a Redsys ─ [Ds_Merchant_Order]: 00006014z897
Jun 12 2023 13:51:39 -- [INFO ] -- F6Te0YAYzlwB7VBY8ijVl4wm8IHiIm -- WC_Redsys::get_redsys_object -- Numero de pedido enviado a Redsys ─ [Ds_Merchant_Order]: 00006014z899
Jun 12 2023 14:23:01 -- [INFO ] -- akasdFnXGWzUO2HpLAX2cjN9SkE9FZ -- WC_Redsys::get_redsys_object -- Numero de pedido enviado a Redsys ─ [Ds_Merchant_Order]: 00005980z781
Jun 12 2023 14:23:03 -- [INFO ] -- akasdFnXGWzUO2HpLAX2cjN9SkE9FZ -- WC_Redsys::get_redsys_object -- Numero de pedido enviado a Redsys ─ [Ds_Merchant_Order]: 00005980z783
Jun 12 2023 14:23:06 -- [INFO ] -- akasdFnXGWzUO2HpLAX2cjN9SkE9FZ -- ****** NUEVO PEDIDO ******
Jun 12 2023 14:23:06 -- [INFO ] -- akasdFnXGWzUO2HpLAX2cjN9SkE9FZ -- WC_Redsys::process_payment -- Pago con Tarjeta redirección
Jun 12 2023 14:23:06 -- [INFO ] -- akasdFnXGWzUO2HpLAX2cjN9SkE9FZ -- WC_Redsys::process_payment -- ID del usuario cargado: 
Jun 12 2023 14:23:06 -- [INFO ] -- akasdFnXGWzUO2HpLAX2cjN9SkE9FZ -- WC_Redsys::process_payment -- El usuario que hace el pedido está logueado en la página
Jun 12 2023 15:34:26 -- [INFO ] -- F6Te0YAYzlwB7VBY8ijVl4wm8IHiIm -- WC_Redsys::get_redsys_object -- Numero de pedido enviado a Redsys ─ [Ds_Merchant_Order]: 000006014z66
Jun 12 2023 15:34:27 -- [INFO ] -- F6Te0YAYzlwB7VBY8ijVl4wm8IHiIm -- WC_Redsys::get_redsys_object -- Numero de pedido enviado a Redsys ─ [Ds_Merchant_Order]: 000006014z67
Jun 12 2023 15:34:44 -- [INFO ] -- F6Te0YAYzlwB7VBY8ijVl4wm8IHiIm -- WC_Redsys::get_redsys_object -- Numero de pedido enviado a Redsys ─ [Ds_Merchant_Order]: 000006014z84
Jun 12 2023 15:34:44 -- [INFO ] -- F6Te0YAYzlwB7VBY8ijVl4wm8IHiIm -- WC_Redsys::get_redsys_object -- Numero de pedido enviado a Redsys ─ [Ds_Merchant_Order]: 000006014z84
Jun 12 2023 15:34:57 -- [INFO ] -- 8E45ihvEhQWXu6pQNcJ9TD47Rbj38z -- ****** NUEVO PEDIDO ******
Jun 12 2023 15:34:57 -- [INFO ] -- 8E45ihvEhQWXu6pQNcJ9TD47Rbj38z -- WC_Redsys::process_payment -- Pago con Tarjeta redirección
Jun 12 2023 15:34:57 -- [INFO ] -- 8E45ihvEhQWXu6pQNcJ9TD47Rbj38z -- WC_Redsys::process_payment -- ID del usuario cargado: 
Jun 12 2023 15:34:57 -- [INFO ] -- 8E45ihvEhQWXu6pQNcJ9TD47Rbj38z -- WC_Redsys::process_payment -- El usuario que hace el pedido no está logueado en la página
Jun 12 2023 15:35:50 -- [INFO ] -- F6Te0YAYzlwB7VBY8ijVl4wm8IHiIm -- ***** VALIDACIÓN DE LA NOTIFICACIÓN  ──  PEDIDO 000006014z84 *****
Jun 12 2023 15:35:50 -- [INFO ] -- F6Te0YAYzlwB7VBY8ijVl4wm8IHiIm -- WC_Redsys::check_rds_response -- 9915 - A petición del usuario se cancela el pago.
Jun 12 2023 15:36:08 -- [INFO ] -- 8E45ihvEhQWXu6pQNcJ9TD47Rbj38z -- WC_Redsys::get_redsys_object -- Numero de pedido enviado a Redsys ─ [Ds_Merchant_Order]: 00006018z168
Jun 12 2023 15:36:09 -- [INFO ] -- 8E45ihvEhQWXu6pQNcJ9TD47Rbj38z -- WC_Redsys::get_redsys_object -- Numero de pedido enviado a Redsys ─ [Ds_Merchant_Order]: 00006018z169
Jun 12 2023 15:36:13 -- [INFO ] -- 8E45ihvEhQWXu6pQNcJ9TD47Rbj38z -- ****** NUEVO PEDIDO ******
Jun 12 2023 15:36:13 -- [INFO ] -- 8E45ihvEhQWXu6pQNcJ9TD47Rbj38z -- WC_Redsys::process_payment -- Pago con Tarjeta redirección
Jun 12 2023 15:36:13 -- [INFO ] -- 8E45ihvEhQWXu6pQNcJ9TD47Rbj38z -- WC_Redsys::process_payment -- ID del usuario cargado: 
Jun 12 2023 15:36:13 -- [INFO ] -- 8E45ihvEhQWXu6pQNcJ9TD47Rbj38z -- WC_Redsys::process_payment -- El usuario que hace el pedido no está logueado en la página
Jun 12 2023 15:36:34 -- [INFO ] -- 8E45ihvEhQWXu6pQNcJ9TD47Rbj38z -- ***** VALIDACIÓN DE LA NOTIFICACIÓN  ──  PEDIDO 00006018z169 *****
Jun 12 2023 15:36:34 -- [INFO ] -- 8E45ihvEhQWXu6pQNcJ9TD47Rbj38z -- WC_Redsys::check_rds_response -- 0000 - Operación finalizada correctamente.
Jun 12 2023 15:36:34 -- [INFO ] -- 8E45ihvEhQWXu6pQNcJ9TD47Rbj38z -- WC_Redsys::check_rds_response -- El pedido con ID de carrito 6018 (00006018z169) es válido y se ha registrado correctamente.
Jun 12 2023 17:45:30 -- [INFO ] -- akasdFnXGWzUO2HpLAX2cjN9SkE9FZ -- WC_Redsys::get_redsys_object -- Numero de pedido enviado a Redsys ─ [Ds_Merchant_Order]: 00005980z930
Jun 12 2023 17:45:32 -- [INFO ] -- akasdFnXGWzUO2HpLAX2cjN9SkE9FZ -- WC_Redsys::get_redsys_object -- Numero de pedido enviado a Redsys ─ [Ds_Merchant_Order]: 00005980z932
Jun 12 2023 17:45:35 -- [INFO ] -- RGXUAZcuWm4qwDyJN5XFunYSEqXEGb -- ****** NUEVO PEDIDO ******
Jun 12 2023 17:45:35 -- [INFO ] -- RGXUAZcuWm4qwDyJN5XFunYSEqXEGb -- WC_Redsys::process_payment -- Pago con Tarjeta redirección
Jun 12 2023 17:45:35 -- [INFO ] -- RGXUAZcuWm4qwDyJN5XFunYSEqXEGb -- WC_Redsys::process_payment -- ID del usuario cargado: 
Jun 12 2023 17:45:35 -- [INFO ] -- RGXUAZcuWm4qwDyJN5XFunYSEqXEGb -- WC_Redsys::process_payment -- El usuario que hace el pedido está logueado en la página
Jun 12 2023 17:45:50 -- [INFO ] -- akasdFnXGWzUO2HpLAX2cjN9SkE9FZ -- ***** VALIDACIÓN DE LA NOTIFICACIÓN  ──  PEDIDO 00005980z932 *****
Jun 12 2023 17:45:50 -- [INFO ] -- akasdFnXGWzUO2HpLAX2cjN9SkE9FZ -- WC_Redsys::check_rds_response -- 0000 - Operación finalizada correctamente.
Jun 12 2023 17:45:50 -- [INFO ] -- akasdFnXGWzUO2HpLAX2cjN9SkE9FZ -- WC_Redsys::check_rds_response -- El pedido con ID de carrito 5980 (00005980z932) es válido y se ha registrado correctamente.
Jun 12 2023 17:47:22 -- [INFO ] -- Td0EG0XNLbTTbSTrjubtptung0RBqf -- WC_Redsys::get_redsys_object -- Numero de pedido enviado a Redsys ─ [Ds_Merchant_Order]: 000006020z42
Jun 12 2023 17:47:23 -- [INFO ] -- Td0EG0XNLbTTbSTrjubtptung0RBqf -- WC_Redsys::get_redsys_object -- Numero de pedido enviado a Redsys ─ [Ds_Merchant_Order]: 000006020z43
Jun 12 2023 17:47:28 -- [INFO ] -- Td0EG0XNLbTTbSTrjubtptung0RBqf -- WC_Redsys::get_redsys_object -- Numero de pedido enviado a Redsys ─ [Ds_Merchant_Order]: 000006020z48
Jun 12 2023 17:47:43 -- [INFO ] -- Td0EG0XNLbTTbSTrjubtptung0RBqf -- ***** VALIDACIÓN DE LA NOTIFICACIÓN  ──  PEDIDO 000006020z48 *****
Jun 12 2023 17:47:43 -- [INFO ] -- Td0EG0XNLbTTbSTrjubtptung0RBqf -- WC_Redsys::check_rds_response -- 0000 - Operación finalizada correctamente.
Jun 12 2023 17:47:53 -- [INFO ] -- Td0EG0XNLbTTbSTrjubtptung0RBqf -- WC_Redsys::get_redsys_object -- Numero de pedido enviado a Redsys ─ [Ds_Merchant_Order]: 000006020z73
Jun 12 2023 17:47:54 -- [INFO ] -- Td0EG0XNLbTTbSTrjubtptung0RBqf -- WC_Redsys::get_redsys_object -- Numero de pedido enviado a Redsys ─ [Ds_Merchant_Order]: 000006020z74
Jun 12 2023 17:48:15 -- [INFO ] -- Td0EG0XNLbTTbSTrjubtptung0RBqf -- ***** VALIDACIÓN DE LA NOTIFICACIÓN  ──  PEDIDO 000006020z74 *****
Jun 12 2023 17:48:15 -- [INFO ] -- Td0EG0XNLbTTbSTrjubtptung0RBqf -- WC_Redsys::check_rds_response -- 0000 - Operación finalizada correctamente.
Jun 12 2023 18:21:13 -- [INFO ] -- RGXUAZcuWm4qwDyJN5XFunYSEqXEGb -- WC_Redsys::get_redsys_object -- Numero de pedido enviado a Redsys ─ [Ds_Merchant_Order]: 000006019z73
Jun 12 2023 18:21:14 -- [INFO ] -- RGXUAZcuWm4qwDyJN5XFunYSEqXEGb -- WC_Redsys::get_redsys_object -- Numero de pedido enviado a Redsys ─ [Ds_Merchant_Order]: 000006019z74
Jun 12 2023 18:21:17 -- [INFO ] -- Td0EG0XNLbTTbSTrjubtptung0RBqf -- ****** NUEVO PEDIDO ******
Jun 12 2023 18:21:17 -- [INFO ] -- Td0EG0XNLbTTbSTrjubtptung0RBqf -- WC_Redsys::process_payment -- Pago con Tarjeta redirección
Jun 12 2023 18:21:17 -- [INFO ] -- Td0EG0XNLbTTbSTrjubtptung0RBqf -- WC_Redsys::process_payment -- ID del usuario cargado: 
Jun 12 2023 18:21:17 -- [INFO ] -- Td0EG0XNLbTTbSTrjubtptung0RBqf -- WC_Redsys::process_payment -- El usuario que hace el pedido está logueado en la página
Jun 12 2023 18:21:36 -- [INFO ] -- RGXUAZcuWm4qwDyJN5XFunYSEqXEGb -- ***** VALIDACIÓN DE LA NOTIFICACIÓN  ──  PEDIDO 000006019z74 *****
Jun 12 2023 18:21:36 -- [INFO ] -- RGXUAZcuWm4qwDyJN5XFunYSEqXEGb -- WC_Redsys::check_rds_response -- 0000 - Operación finalizada correctamente.
Jun 12 2023 18:21:36 -- [INFO ] -- RGXUAZcuWm4qwDyJN5XFunYSEqXEGb -- WC_Redsys::check_rds_response -- El pedido con ID de carrito 6019 (000006019z74) es válido y se ha registrado correctamente.
Jun 12 2023 19:18:05 -- [INFO ] -- Td0EG0XNLbTTbSTrjubtptung0RBqf -- WC_Redsys::get_redsys_object -- Numero de pedido enviado a Redsys ─ [Ds_Merchant_Order]: 00006020z485
Jun 12 2023 19:18:07 -- [INFO ] -- Td0EG0XNLbTTbSTrjubtptung0RBqf -- WC_Redsys::get_redsys_object -- Numero de pedido enviado a Redsys ─ [Ds_Merchant_Order]: 00006020z487
Jun 12 2023 19:18:16 -- [INFO ] -- 0jc2QoQreXWb0FyCD7sH3bnSJ2OnCI -- ****** NUEVO PEDIDO ******
Jun 12 2023 19:18:16 -- [INFO ] -- 0jc2QoQreXWb0FyCD7sH3bnSJ2OnCI -- WC_Redsys::process_payment -- Pago con Tarjeta redirección
Jun 12 2023 19:18:16 -- [INFO ] -- 0jc2QoQreXWb0FyCD7sH3bnSJ2OnCI -- WC_Redsys::process_payment -- ID del usuario cargado: 
Jun 12 2023 19:18:16 -- [INFO ] -- 0jc2QoQreXWb0FyCD7sH3bnSJ2OnCI -- WC_Redsys::process_payment -- El usuario que hace el pedido está logueado en la página
Jun 12 2023 19:18:27 -- [INFO ] -- 0jc2QoQreXWb0FyCD7sH3bnSJ2OnCI -- WC_Redsys::get_redsys_object -- Numero de pedido enviado a Redsys ─ [Ds_Merchant_Order]: 00006023z507
Jun 12 2023 19:18:28 -- [INFO ] -- 0jc2QoQreXWb0FyCD7sH3bnSJ2OnCI -- WC_Redsys::get_redsys_object -- Numero de pedido enviado a Redsys ─ [Ds_Merchant_Order]: 00006023z508
